#
# There is insufficient memory for the Java Runtime Environment to continue.
# Native memory allocation (malloc) failed to allocate 262160 bytes for Chunk::new
# Possible reasons:
#   The system is out of physical RAM or swap space
#   The process is running with CompressedOops enabled, and the Java Heap may be blocking the growth of the native heap
# Possible solutions:
#   Reduce memory load on the system
#   Increase physical memory or swap space
#   Check if swap backing store is full
#   Decrease Java heap size (-Xmx/-Xms)
#   Decrease number of Java threads
#   Decrease Java thread stack sizes (-Xss)
#   Set larger code cache with -XX:ReservedCodeCacheSize=
#   JVM is running with Unscaled Compressed Oops mode in which the Java heap is
#     placed in the first 4GB address space. The Java Heap base address is the
#     maximum limit for the native heap growth. Please use -XX:HeapBaseMinAddress
#     to set the Java Heap base and to place the Java Heap above 4GB virtual address.
# This output file may be truncated or incomplete.
#
#  Out of Memory Error (allocation.cpp:389), pid=9872, tid=0x00000000000024d8
#
# JRE version: OpenJDK Runtime Environment (Zulu 8.52.0.23-CA-win64) (8.0_282-b08) (build 1.8.0_282-b08)
# Java VM: OpenJDK 64-Bit Server VM (25.282-b08 mixed mode windows-amd64 compressed oops)
# Failed to write core dump. Minidumps are not enabled by default on client versions of Windows
#

---------------  T H R E A D  ---------------

Current thread (0x0000000019f5f800):  JavaThread "C2 CompilerThread1" daemon [_thread_in_native, id=9432, stack(0x000000001adb0000,0x000000001aeb0000)]

Stack: [0x000000001adb0000,0x000000001aeb0000]
[error occurred during error reporting (printing stack bounds), id 0xc0000005]

Native frames: (J=compiled Java code, j=interpreted, Vv=VM code, C=native code)


Current CompileTask:
C2:  26796 2983       4       java.net.URLClassLoader$1::run (5 bytes)


---------------  P R O C E S S  ---------------

Java Threads: ( => current thread )
  0x0000000019f72000 JavaThread "Okio Watchdog" daemon [_thread_blocked, id=12692, stack(0x00000000216b0000,0x00000000217b0000)]
  0x0000000019f73800 JavaThread "OkHttp ConnectionPool" daemon [_thread_blocked, id=1828, stack(0x00000000215b0000,0x00000000216b0000)]
  0x000000001a44f000 JavaThread "ForkJoinPool.commonPool-worker-3" daemon [_thread_blocked, id=25080, stack(0x00000000212b0000,0x00000000213b0000)]
  0x000000001cb29800 JavaThread "ForkJoinPool.commonPool-worker-2" daemon [_thread_blocked, id=24352, stack(0x00000000211b0000,0x00000000212b0000)]
  0x000000001b97a800 JavaThread "ForkJoinPool.commonPool-worker-1" daemon [_thread_blocked, id=22692, stack(0x00000000210b0000,0x00000000211b0000)]
  0x000000001c810800 JavaThread "Exec Stream Pumper" daemon [_thread_in_native, id=8916, stack(0x0000000020cb0000,0x0000000020db0000)]
  0x000000001a984000 JavaThread "Exec Stream Pumper" daemon [_thread_in_native, id=14740, stack(0x0000000020bb0000,0x0000000020cb0000)]
  0x000000001ece8800 JavaThread "UrlChecker-2" daemon [_thread_blocked, id=10496, stack(0x00000000205e0000,0x00000000206e0000)]
  0x000000001fa83800 JavaThread "Exec Default Executor" daemon [_thread_in_native, id=19052, stack(0x000000001f460000,0x000000001f560000)]
  0x0000000019f61000 JavaThread "Service Thread" daemon [_thread_blocked, id=3520, stack(0x000000001b1b0000,0x000000001b2b0000)]
  0x0000000019f74800 JavaThread "C1 CompilerThread3" daemon [_thread_blocked, id=32676, stack(0x000000001afb0000,0x000000001b0b0000)]
  0x0000000019f71800 JavaThread "C2 CompilerThread2" daemon [_thread_in_native, id=3004, stack(0x000000001aeb0000,0x000000001afb0000)]
=>0x0000000019f5f800 JavaThread "C2 CompilerThread1" daemon [_thread_in_native, id=9432, stack(0x000000001adb0000,0x000000001aeb0000)]
  0x0000000019f5c800 JavaThread "C2 CompilerThread0" daemon [_thread_in_native, id=17616, stack(0x000000001acb0000,0x000000001adb0000)]
  0x0000000019f4b000 JavaThread "Attach Listener" daemon [_thread_blocked, id=28832, stack(0x000000001abb0000,0x000000001acb0000)]
  0x0000000019f4a000 JavaThread "Signal Dispatcher" daemon [_thread_blocked, id=33600, stack(0x000000001aab0000,0x000000001abb0000)]
  0x0000000019bd8000 JavaThread "Finalizer" daemon [_thread_blocked, id=1856, stack(0x000000001a0b0000,0x000000001a1b0000)]
  0x0000000017dce000 JavaThread "Reference Handler" daemon [_thread_blocked, id=29068, stack(0x0000000019fb0000,0x000000001a0b0000)]
  0x0000000002c67800 JavaThread "main" [_thread_in_vm, id=22608, stack(0x0000000002b50000,0x0000000002c50000)]

Other Threads:
  0x0000000017dc5800 VMThread [stack: 0x0000000019ab0000,0x0000000019bb0000] [id=22660]
  0x000000001a31d000 WatcherThread [stack: 0x000000001b2b0000,0x000000001b3b0000] [id=11804]

VM state:not at safepoint (normal execution)

VM Mutex/Monitor currently owned by a thread: None

heap address: 0x0000000080000000, size: 2048 MB, Compressed Oops mode: 32-bit
Narrow klass base: 0x0000000000000000, Narrow klass shift: 3
Compressed class space size: 1073741824 Address: 0x0000000100000000

Heap:
 PSYoungGen      total 70144K, used 66967K [0x00000000d5580000, 0x00000000da680000, 0x0000000100000000)
  eden space 60928K, 94% used [0x00000000d5580000,0x00000000d8de5f60,0x00000000d9100000)
  from space 9216K, 99% used [0x00000000d9b80000,0x00000000da47fdc8,0x00000000da480000)
  to   space 10752K, 0% used [0x00000000d9100000,0x00000000d9100000,0x00000000d9b80000)
 ParOldGen       total 65536K, used 10830K [0x0000000080000000, 0x0000000084000000, 0x00000000d5580000)
  object space 65536K, 16% used [0x0000000080000000,0x0000000080a93800,0x0000000084000000)
 Metaspace       used 30422K, capacity 31324K, committed 31616K, reserved 1077248K
  class space    used 3622K, capacity 3872K, committed 3968K, reserved 1048576K

Card table byte_map: [0x0000000012110000,0x0000000012520000] byte_map_base: 0x0000000011d10000

Marking Bits: (ParMarkBitMap*) 0x000000005e311f00
 Begin Bits: [0x0000000012fd0000, 0x0000000014fd0000)
 End Bits:   [0x0000000014fd0000, 0x0000000016fd0000)

Polling page: 0x0000000000b50000

CodeCache: size=245760Kb used=11153Kb max_used=11165Kb free=234606Kb
 bounds [0x0000000002d50000, 0x0000000003840000, 0x0000000011d50000]
 total_blobs=3445 nmethods=2754 adapters=601
 compilation: enabled

Compilation events (10 events):
Event: 26.774 Thread 0x0000000019f74800 nmethod 2995 0x000000000383a310 code [0x000000000383a4c0, 0x000000000383a9f8]
Event: 26.774 Thread 0x0000000019f74800 2997       3       org.apache.commons.lang.IntHashMap::put (130 bytes)
Event: 26.775 Thread 0x0000000019f74800 nmethod 2997 0x0000000003839750 code [0x0000000003839900, 0x0000000003839f48]
Event: 26.775 Thread 0x0000000019f74800 2996       3       org.apache.commons.lang.Entities$PrimitiveEntityMap::add (30 bytes)
Event: 26.775 Thread 0x0000000019f74800 nmethod 2996 0x0000000003838f90 code [0x0000000003839120, 0x0000000003839518]
Event: 26.777 Thread 0x0000000019f74800 2998       3       groovyjarjarasm.asm.SymbolTable::addConstantClass (8 bytes)
Event: 26.777 Thread 0x0000000019f74800 nmethod 2998 0x0000000003838c10 code [0x0000000003838d80, 0x0000000003838f08]
Event: 26.777 Thread 0x0000000019f74800 2999       3       groovyjarjarasm.asm.Frame::accept (264 bytes)
Event: 26.779 Thread 0x0000000019f74800 nmethod 2999 0x000000000383b910 code [0x000000000383bb00, 0x000000000383c638]
Event: 26.782 Thread 0x0000000019f5c800 3000       4       java.util.regex.Matcher::find (69 bytes)

GC Heap History (10 events):
Event: 11.403 GC heap before
{Heap before GC invocations=11 (full 1):
 PSYoungGen      total 39424K, used 32480K [0x00000000d5580000, 0x00000000d8d00000, 0x0000000100000000)
  eden space 31232K, 100% used [0x00000000d5580000,0x00000000d7400000,0x00000000d7400000)
  from space 8192K, 15% used [0x00000000d7400000,0x00000000d7538000,0x00000000d7c00000)
  to   space 8704K, 0% used [0x00000000d8480000,0x00000000d8480000,0x00000000d8d00000)
 ParOldGen       total 65536K, used 9781K [0x0000000080000000, 0x0000000084000000, 0x00000000d5580000)
  object space 65536K, 14% used [0x0000000080000000,0x000000008098d480,0x0000000084000000)
 Metaspace       used 21883K, capacity 22200K, committed 22448K, reserved 1069056K
  class space    used 2417K, capacity 2541K, committed 2560K, reserved 1048576K
Event: 11.409 GC heap after
Heap after GC invocations=11 (full 1):
 PSYoungGen      total 48128K, used 2349K [0x00000000d5580000, 0x00000000d8d00000, 0x0000000100000000)
  eden space 39424K, 0% used [0x00000000d5580000,0x00000000d5580000,0x00000000d7c00000)
  from space 8704K, 26% used [0x00000000d8480000,0x00000000d86cb5d8,0x00000000d8d00000)
  to   space 8704K, 0% used [0x00000000d7c00000,0x00000000d7c00000,0x00000000d8480000)
 ParOldGen       total 65536K, used 9789K [0x0000000080000000, 0x0000000084000000, 0x00000000d5580000)
  object space 65536K, 14% used [0x0000000080000000,0x000000008098f480,0x0000000084000000)
 Metaspace       used 21883K, capacity 22200K, committed 22448K, reserved 1069056K
  class space    used 2417K, capacity 2541K, committed 2560K, reserved 1048576K
}
Event: 12.031 GC heap before
{Heap before GC invocations=12 (full 1):
 PSYoungGen      total 48128K, used 41773K [0x00000000d5580000, 0x00000000d8d00000, 0x0000000100000000)
  eden space 39424K, 100% used [0x00000000d5580000,0x00000000d7c00000,0x00000000d7c00000)
  from space 8704K, 26% used [0x00000000d8480000,0x00000000d86cb5d8,0x00000000d8d00000)
  to   space 8704K, 0% used [0x00000000d7c00000,0x00000000d7c00000,0x00000000d8480000)
 ParOldGen       total 65536K, used 9789K [0x0000000080000000, 0x0000000084000000, 0x00000000d5580000)
  object space 65536K, 14% used [0x0000000080000000,0x000000008098f480,0x0000000084000000)
 Metaspace       used 22089K, capacity 22392K, committed 22704K, reserved 1069056K
  class space    used 2422K, capacity 2541K, committed 2560K, reserved 1048576K
Event: 12.033 GC heap after
Heap after GC invocations=12 (full 1):
 PSYoungGen      total 48128K, used 2400K [0x00000000d5580000, 0x00000000d9680000, 0x0000000100000000)
  eden space 39424K, 0% used [0x00000000d5580000,0x00000000d5580000,0x00000000d7c00000)
  from space 8704K, 27% used [0x00000000d7c00000,0x00000000d7e58268,0x00000000d8480000)
  to   space 8704K, 0% used [0x00000000d8e00000,0x00000000d8e00000,0x00000000d9680000)
 ParOldGen       total 65536K, used 9797K [0x0000000080000000, 0x0000000084000000, 0x00000000d5580000)
  object space 65536K, 14% used [0x0000000080000000,0x0000000080991480,0x0000000084000000)
 Metaspace       used 22089K, capacity 22392K, committed 22704K, reserved 1069056K
  class space    used 2422K, capacity 2541K, committed 2560K, reserved 1048576K
}
Event: 12.901 GC heap before
{Heap before GC invocations=13 (full 1):
 PSYoungGen      total 48128K, used 41824K [0x00000000d5580000, 0x00000000d9680000, 0x0000000100000000)
  eden space 39424K, 100% used [0x00000000d5580000,0x00000000d7c00000,0x00000000d7c00000)
  from space 8704K, 27% used [0x00000000d7c00000,0x00000000d7e58268,0x00000000d8480000)
  to   space 8704K, 0% used [0x00000000d8e00000,0x00000000d8e00000,0x00000000d9680000)
 ParOldGen       total 65536K, used 9797K [0x0000000080000000, 0x0000000084000000, 0x00000000d5580000)
  object space 65536K, 14% used [0x0000000080000000,0x0000000080991480,0x0000000084000000)
 Metaspace       used 22222K, capacity 22584K, committed 22960K, reserved 1069056K
  class space    used 2432K, capacity 2541K, committed 2560K, reserved 1048576K
Event: 12.908 GC heap after
Heap after GC invocations=13 (full 1):
 PSYoungGen      total 56832K, used 2960K [0x00000000d5580000, 0x00000000d9580000, 0x0000000100000000)
  eden space 49152K, 0% used [0x00000000d5580000,0x00000000d5580000,0x00000000d8580000)
  from space 7680K, 38% used [0x00000000d8e00000,0x00000000d90e4010,0x00000000d9580000)
  to   space 8192K, 0% used [0x00000000d8580000,0x00000000d8580000,0x00000000d8d80000)
 ParOldGen       total 65536K, used 9805K [0x0000000080000000, 0x0000000084000000, 0x00000000d5580000)
  object space 65536K, 14% used [0x0000000080000000,0x0000000080993480,0x0000000084000000)
 Metaspace       used 22222K, capacity 22584K, committed 22960K, reserved 1069056K
  class space    used 2432K, capacity 2541K, committed 2560K, reserved 1048576K
}
Event: 13.654 GC heap before
{Heap before GC invocations=14 (full 1):
 PSYoungGen      total 56832K, used 52112K [0x00000000d5580000, 0x00000000d9580000, 0x0000000100000000)
  eden space 49152K, 100% used [0x00000000d5580000,0x00000000d8580000,0x00000000d8580000)
  from space 7680K, 38% used [0x00000000d8e00000,0x00000000d90e4010,0x00000000d9580000)
  to   space 8192K, 0% used [0x00000000d8580000,0x00000000d8580000,0x00000000d8d80000)
 ParOldGen       total 65536K, used 9805K [0x0000000080000000, 0x0000000084000000, 0x00000000d5580000)
  object space 65536K, 14% used [0x0000000080000000,0x0000000080993480,0x0000000084000000)
 Metaspace       used 23647K, capacity 23932K, committed 24320K, reserved 1071104K
  class space    used 2659K, capacity 2773K, committed 2816K, reserved 1048576K
Event: 13.667 GC heap after
Heap after GC invocations=14 (full 1):
 PSYoungGen      total 57344K, used 7328K [0x00000000d5580000, 0x00000000da480000, 0x0000000100000000)
  eden space 49152K, 0% used [0x00000000d5580000,0x00000000d5580000,0x00000000d8580000)
  from space 8192K, 89% used [0x00000000d8580000,0x00000000d8ca8000,0x00000000d8d80000)
  to   space 9216K, 0% used [0x00000000d9b80000,0x00000000d9b80000,0x00000000da480000)
 ParOldGen       total 65536K, used 9813K [0x0000000080000000, 0x0000000084000000, 0x00000000d5580000)
  object space 65536K, 14% used [0x0000000080000000,0x0000000080995480,0x0000000084000000)
 Metaspace       used 23647K, capacity 23932K, committed 24320K, reserved 1071104K
  class space    used 2659K, capacity 2773K, committed 2816K, reserved 1048576K
}
Event: 16.727 GC heap before
{Heap before GC invocations=15 (full 1):
 PSYoungGen      total 57344K, used 56480K [0x00000000d5580000, 0x00000000da480000, 0x0000000100000000)
  eden space 49152K, 100% used [0x00000000d5580000,0x00000000d8580000,0x00000000d8580000)
  from space 8192K, 89% used [0x00000000d8580000,0x00000000d8ca8000,0x00000000d8d80000)
  to   space 9216K, 0% used [0x00000000d9b80000,0x00000000d9b80000,0x00000000da480000)
 ParOldGen       total 65536K, used 9813K [0x0000000080000000, 0x0000000084000000, 0x00000000d5580000)
  object space 65536K, 14% used [0x0000000080000000,0x0000000080995480,0x0000000084000000)
 Metaspace       used 26896K, capacity 27348K, committed 27648K, reserved 1073152K
  class space    used 3101K, capacity 3283K, committed 3328K, reserved 1048576K
Event: 16.743 GC heap after
Heap after GC invocations=15 (full 1):
 PSYoungGen      total 70144K, used 9215K [0x00000000d5580000, 0x00000000da680000, 0x0000000100000000)
  eden space 60928K, 0% used [0x00000000d5580000,0x00000000d5580000,0x00000000d9100000)
  from space 9216K, 99% used [0x00000000d9b80000,0x00000000da47fdc8,0x00000000da480000)
  to   space 10752K, 0% used [0x00000000d9100000,0x00000000d9100000,0x00000000d9b80000)
 ParOldGen       total 65536K, used 10830K [0x0000000080000000, 0x0000000084000000, 0x00000000d5580000)
  object space 65536K, 16% used [0x0000000080000000,0x0000000080a93800,0x0000000084000000)
 Metaspace       used 26896K, capacity 27348K, committed 27648K, reserved 1073152K
  class space    used 3101K, capacity 3283K, committed 3328K, reserved 1048576K
}

Deoptimization events (10 events):
Event: 17.755 Thread 0x0000000002c67800 Uncommon trap: reason=class_check action=maybe_recompile pc=0x0000000002f67e98 method=java.io.DataInputStream.readChar()C @ 4
Event: 17.828 Thread 0x0000000002c67800 Uncommon trap: reason=class_check action=maybe_recompile pc=0x0000000002e6dc9c method=java.util.HashSet.contains(Ljava/lang/Object;)Z @ 5
Event: 17.828 Thread 0x0000000002c67800 Uncommon trap: reason=class_check action=maybe_recompile pc=0x0000000002e6dc9c method=java.util.HashSet.contains(Ljava/lang/Object;)Z @ 5
Event: 21.458 Thread 0x0000000002c67800 Uncommon trap: reason=class_check action=maybe_recompile pc=0x0000000002fb23c4 method=org.openqa.selenium.json.Input.init()V @ 18
Event: 21.458 Thread 0x0000000002c67800 Uncommon trap: reason=class_check action=maybe_recompile pc=0x0000000002fb23c4 method=org.openqa.selenium.json.Input.init()V @ 18
Event: 21.459 Thread 0x0000000002c67800 Uncommon trap: reason=class_check action=maybe_recompile pc=0x0000000002fb23c4 method=org.openqa.selenium.json.Input.init()V @ 18
Event: 21.459 Thread 0x0000000002c67800 Uncommon trap: reason=class_check action=maybe_recompile pc=0x0000000002fb23c4 method=org.openqa.selenium.json.Input.init()V @ 18
Event: 21.624 Thread 0x0000000002c67800 Uncommon trap: reason=bimorphic action=maybe_recompile pc=0x00000000032a6fc8 method=java.util.HashMap.putVal(ILjava/lang/Object;Ljava/lang/Object;ZZ)Ljava/lang/Object; @ 203
Event: 21.625 Thread 0x0000000002c67800 Uncommon trap: reason=bimorphic action=maybe_recompile pc=0x00000000032a6fc8 method=java.util.HashMap.putVal(ILjava/lang/Object;Ljava/lang/Object;ZZ)Ljava/lang/Object; @ 203
Event: 21.625 Thread 0x0000000002c67800 Uncommon trap: reason=bimorphic action=maybe_recompile pc=0x00000000032a6fc8 method=java.util.HashMap.putVal(ILjava/lang/Object;Ljava/lang/Object;ZZ)Ljava/lang/Object; @ 203

Classes redefined (0 events):
No events

Internal exceptions (10 events):
Event: 26.629 Thread 0x0000000002c67800 Exception <a 'java/security/PrivilegedActionException'> (0x00000000d8648568) thrown at [C:\jenkins\workspace\zulu8-silver-build-win64\zulu-src\hotspot\src\share\vm\prims\jvm.cpp, line 1529]
Event: 26.629 Thread 0x0000000002c67800 Exception <a 'java/security/PrivilegedActionException'> (0x00000000d8648b48) thrown at [C:\jenkins\workspace\zulu8-silver-build-win64\zulu-src\hotspot\src\share\vm\prims\jvm.cpp, line 1529]
Event: 26.630 Thread 0x0000000002c67800 Exception <a 'java/security/PrivilegedActionException'> (0x00000000d865a860) thrown at [C:\jenkins\workspace\zulu8-silver-build-win64\zulu-src\hotspot\src\share\vm\prims\jvm.cpp, line 1529]
Event: 26.630 Thread 0x0000000002c67800 Exception <a 'java/security/PrivilegedActionException'> (0x00000000d865ae40) thrown at [C:\jenkins\workspace\zulu8-silver-build-win64\zulu-src\hotspot\src\share\vm\prims\jvm.cpp, line 1529]
Event: 26.658 Thread 0x0000000002c67800 Exception <a 'java/security/PrivilegedActionException'> (0x00000000d8869428) thrown at [C:\jenkins\workspace\zulu8-silver-build-win64\zulu-src\hotspot\src\share\vm\prims\jvm.cpp, line 1529]
Event: 26.658 Thread 0x0000000002c67800 Exception <a 'java/security/PrivilegedActionException'> (0x00000000d8869a08) thrown at [C:\jenkins\workspace\zulu8-silver-build-win64\zulu-src\hotspot\src\share\vm\prims\jvm.cpp, line 1529]
Event: 26.659 Thread 0x0000000002c67800 Exception <a 'java/security/PrivilegedActionException'> (0x00000000d887bff0) thrown at [C:\jenkins\workspace\zulu8-silver-build-win64\zulu-src\hotspot\src\share\vm\prims\jvm.cpp, line 1529]
Event: 26.659 Thread 0x0000000002c67800 Exception <a 'java/security/PrivilegedActionException'> (0x00000000d887c5d0) thrown at [C:\jenkins\workspace\zulu8-silver-build-win64\zulu-src\hotspot\src\share\vm\prims\jvm.cpp, line 1529]
Event: 26.721 Thread 0x0000000002c67800 Exception <a 'java/lang/ClassNotFoundException': Script1BeanInfo> (0x00000000d8a9f860) thrown at [C:\jenkins\workspace\zulu8-silver-build-win64\zulu-src\hotspot\src\share\vm\classfile\systemDictionary.cpp, line 220]
Event: 26.743 Thread 0x0000000002c67800 Exception <a 'java/lang/ClassNotFoundException': Script1Customizer> (0x00000000d8b28b78) thrown at [C:\jenkins\workspace\zulu8-silver-build-win64\zulu-src\hotspot\src\share\vm\classfile\systemDictionary.cpp, line 220]

Events (10 events):
Event: 26.722 loading class Script1Customizer
Event: 26.722 loading class Script1Customizer done
Event: 26.731 loading class Script1Customizer
Event: 26.731 loading class Script1Customizer done
Event: 26.743 loading class Script1Customizer
Event: 26.743 loading class Script1Customizer done
Event: 26.744 loading class com/kms/katalon/core/util/StrSubstitutor
Event: 26.744 loading class com/kms/katalon/core/util/StrSubstitutor done
Event: 26.744 loading class com/kms/katalon/core/util/StrSubstitutor
Event: 26.744 loading class com/kms/katalon/core/util/StrSubstitutor done


Dynamic libraries:
0x00007ff6f3fb0000 - 0x00007ff6f3fe5000 	C:\Users\pbs-rosyid\Downloads\Katalon_Studio_Windows_64-8.2.5\Katalon_Studio_Windows_64-8.2.5\jre\bin\javaw.exe
0x00007ffed0de0000 - 0x00007ffed0fd0000 	C:\Windows\SYSTEM32\ntdll.dll
0x00007ffecf190000 - 0x00007ffecf242000 	C:\Windows\System32\KERNEL32.DLL
0x00007ffecde50000 - 0x00007ffece0f5000 	C:\Windows\System32\KERNELBASE.dll
0x00007ffecbb00000 - 0x00007ffecbb8f000 	C:\Windows\SYSTEM32\apphelp.dll
0x00007ffecf250000 - 0x00007ffecf2f3000 	C:\Windows\System32\ADVAPI32.dll
0x00007ffecff50000 - 0x00007ffecffee000 	C:\Windows\System32\msvcrt.dll
0x00007ffed0230000 - 0x00007ffed02c7000 	C:\Windows\System32\sechost.dll
0x00007ffed0a40000 - 0x00007ffed0b5f000 	C:\Windows\System32\RPCRT4.dll
0x00007ffecf640000 - 0x00007ffecf7d4000 	C:\Windows\System32\USER32.dll
0x00007ffecedd0000 - 0x00007ffecedf1000 	C:\Windows\System32\win32u.dll
0x00007ffecfff0000 - 0x00007ffed0016000 	C:\Windows\System32\GDI32.dll
0x00007ffece200000 - 0x00007ffece398000 	C:\Windows\System32\gdi32full.dll
0x00007ffece160000 - 0x00007ffece1fe000 	C:\Windows\System32\msvcp_win.dll
0x00007ffecdd50000 - 0x00007ffecde4a000 	C:\Windows\System32\ucrtbase.dll
0x00007ffe9f330000 - 0x00007ffe9f5b4000 	C:\Windows\WinSxS\amd64_microsoft.windows.common-controls_6595b64144ccf1df_6.0.18362.1556_none_9e7e372fe45e41d5\COMCTL32.dll
0x00007ffecf300000 - 0x00007ffecf636000 	C:\Windows\System32\combase.dll
0x00007ffecee00000 - 0x00007ffecee81000 	C:\Windows\System32\bcryptPrimitives.dll
0x00007ffed0d10000 - 0x00007ffed0d3e000 	C:\Windows\System32\IMM32.DLL
0x0000000001040000 - 0x0000000001054000 	C:\Windows\System32\umppc15005.dll
0x000000005d8f0000 - 0x000000005d9c2000 	C:\Users\pbs-rosyid\Downloads\Katalon_Studio_Windows_64-8.2.5\Katalon_Studio_Windows_64-8.2.5\jre\bin\msvcr100.dll
0x000000005dad0000 - 0x000000005e395000 	C:\Users\pbs-rosyid\Downloads\Katalon_Studio_Windows_64-8.2.5\Katalon_Studio_Windows_64-8.2.5\jre\bin\server\jvm.dll
0x00007ffed08b0000 - 0x00007ffed08b8000 	C:\Windows\System32\PSAPI.DLL
0x00007ffe91dc0000 - 0x00007ffe91dc9000 	C:\Windows\SYSTEM32\WSOCK32.dll
0x00007ffed0b60000 - 0x00007ffed0bcf000 	C:\Windows\System32\WS2_32.dll
0x00007ffecb840000 - 0x00007ffecb864000 	C:\Windows\SYSTEM32\WINMM.dll
0x00007ffec4ac0000 - 0x00007ffec4aca000 	C:\Windows\SYSTEM32\VERSION.dll
0x00007ffecb3c0000 - 0x00007ffecb3ed000 	C:\Windows\SYSTEM32\WINMMBASE.dll
0x00007ffececd0000 - 0x00007ffeced1a000 	C:\Windows\System32\cfgmgr32.dll
0x00007ffec1630000 - 0x00007ffec163f000 	C:\Users\pbs-rosyid\Downloads\Katalon_Studio_Windows_64-8.2.5\Katalon_Studio_Windows_64-8.2.5\jre\bin\verify.dll
0x00007ffebc030000 - 0x00007ffebc059000 	C:\Users\pbs-rosyid\Downloads\Katalon_Studio_Windows_64-8.2.5\Katalon_Studio_Windows_64-8.2.5\jre\bin\java.dll
0x00007ffebbef0000 - 0x00007ffebbf06000 	C:\Users\pbs-rosyid\Downloads\Katalon_Studio_Windows_64-8.2.5\Katalon_Studio_Windows_64-8.2.5\jre\bin\zip.dll
0x00007ffecf7e0000 - 0x00007ffecfec7000 	C:\Windows\System32\SHELL32.dll
0x00007ffed0990000 - 0x00007ffed0a38000 	C:\Windows\System32\shcore.dll
0x00007ffece550000 - 0x00007ffececcb000 	C:\Windows\System32\windows.storage.dll
0x00007ffecdd30000 - 0x00007ffecdd4e000 	C:\Windows\System32\profapi.dll
0x00007ffecdce0000 - 0x00007ffecdd2a000 	C:\Windows\System32\powrprof.dll
0x00007ffecdc90000 - 0x00007ffecdca0000 	C:\Windows\System32\UMPDC.dll
0x00007ffecefd0000 - 0x00007ffecf022000 	C:\Windows\System32\shlwapi.dll
0x00007ffecdcc0000 - 0x00007ffecdcd1000 	C:\Windows\System32\kernel.appcore.dll
0x00007ffece3a0000 - 0x00007ffece3b7000 	C:\Windows\System32\cryptsp.dll
0x00007ffebb570000 - 0x00007ffebb58b000 	C:\Users\pbs-rosyid\Downloads\Katalon_Studio_Windows_64-8.2.5\Katalon_Studio_Windows_64-8.2.5\jre\bin\net.dll
0x00007ffecd470000 - 0x00007ffecd4d7000 	C:\Windows\system32\mswsock.dll
0x00007ffebb4b0000 - 0x00007ffebb4c1000 	C:\Users\pbs-rosyid\Downloads\Katalon_Studio_Windows_64-8.2.5\Katalon_Studio_Windows_64-8.2.5\jre\bin\nio.dll
0x00007ffecd1c0000 - 0x00007ffecd28b000 	C:\Windows\SYSTEM32\DNSAPI.dll
0x00007ffed0430000 - 0x00007ffed0438000 	C:\Windows\System32\NSI.dll
0x00007ffecd180000 - 0x00007ffecd1ba000 	C:\Windows\SYSTEM32\IPHLPAPI.DLL
0x00007ffebb860000 - 0x00007ffebb86a000 	C:\Windows\System32\rasadhlp.dll
0x00007ffec46f0000 - 0x00007ffec4767000 	C:\Windows\System32\fwpuclnt.dll
0x00007ffece3c0000 - 0x00007ffece3e6000 	C:\Windows\System32\bcrypt.dll
0x00007ffeba160000 - 0x00007ffeba184000 	C:\Users\pbs-rosyid\Downloads\Katalon_Studio_Windows_64-8.2.5\Katalon_Studio_Windows_64-8.2.5\jre\bin\sunec.dll
0x00007ffebd620000 - 0x00007ffebd62c000 	C:\Users\pbs-rosyid\Downloads\Katalon_Studio_Windows_64-8.2.5\Katalon_Studio_Windows_64-8.2.5\jre\bin\sunmscapi.dll
0x00007ffece3f0000 - 0x00007ffece541000 	C:\Windows\System32\CRYPT32.dll
0x00007ffecdca0000 - 0x00007ffecdcb2000 	C:\Windows\System32\MSASN1.dll
0x00007ffecd7b0000 - 0x00007ffecd7d6000 	C:\Windows\SYSTEM32\ncrypt.dll
0x00007ffecd770000 - 0x00007ffecd7ab000 	C:\Windows\SYSTEM32\NTASN1.dll
0x00007ffeccff0000 - 0x00007ffecd023000 	C:\Windows\system32\rsaenh.dll
0x00007ffecdbb0000 - 0x00007ffecdbd5000 	C:\Windows\SYSTEM32\USERENV.dll
0x00007ffecd640000 - 0x00007ffecd64c000 	C:\Windows\SYSTEM32\CRYPTBASE.dll
0x00007ffec4c00000 - 0x00007ffec4c16000 	C:\Windows\SYSTEM32\dhcpcsvc6.DLL
0x00007ffec64e0000 - 0x00007ffec64fc000 	C:\Windows\SYSTEM32\dhcpcsvc.DLL

VM Arguments:
jvm_args: -Dgroovy.home=C:\Users\pbs-rosyid/.groovy -Djava.system.class.loader=groovy.lang.GroovyClassLoader -Xmx2048m -Dfile.encoding=UTF-8 
java_command: org.codehaus.groovy.tools.GroovyStarter --classpath C:\Users\pbs-rosyid\Katalon Studio\Test\bin\keyword;C:\Users\pbs-rosyid\Katalon Studio\Test\Keywords;C:\Users\pbs-rosyid\Katalon Studio\Test\bin\listener;C:\Users\pbs-rosyid\Katalon Studio\Test\Test Listeners;C:\Users\pbs-rosyid\Katalon Studio\Test\bin\lib;C:\Users\pbs-rosyid\Katalon Studio\Test\Libs;C:\Users\pbs-rosyid\Katalon Studio\Test\bin\groovy;C:\Users\pbs-rosyid\Katalon Studio\Test\Include\scripts\groovy;C:\Users\pbs-rosyid\Downloads\Katalon_Studio_Windows_64-8.2.5\Katalon_Studio_Windows_64-8.2.5\plugins\com.kms.katalon.core_1.0.0.202201190711.jar;C:\Users\pbs-rosyid\Downloads\Katalon_Studio_Windows_64-8.2.5\Katalon_Studio_Windows_64-8.2.5\configuration\resources\lib\aalto-xml-1.0.0.jar;C:\Users\pbs-rosyid\Downloads\Katalon_Studio_Windows_64-8.2.5\Katalon_Studio_Windows_64-8.2.5\configuration\resources\lib\aspectjweaver-1.9.1.jar;C:\Users\pbs-rosyid\Downloads\Katalon_Studio_Windows_64-8.2.5\Katalon_Studio_Windows_64-8.2.5\configuration\resources\lib\bcpkix-jdk15on-1.64.jar;C:\Users\pbs-rosyid\Downloads\Katalon_Studio_Windows_64-8.2.5\Katalon_Studio_Windows_64-8.2.5\configuration\resources\lib\bcprov-jdk15on-1.64.jar;C:\Users\pbs-rosyid\Downloads\Katalon_Studio_Windows_64-8.2.5\Katalon_Studio_Windows_64-8.2.5\configuration\resources\lib\browsermob-core-2.1.5.jar;C:\Users\pbs-rosyid\Downloads\Katalon_Studio_Windows_64-8.2.5\Katalon_Studio_Windows_64-8.2.5\configuration\resources\lib\cglib-3.2.10.jar;C:\Users\pbs-rosyid\Downloads\Katalon_Studio_Windows_64-8.2.5\Katalon_Studio_Windows_64-8.2.5\configuration\resources\lib\commons-codec-1.10.jar;C:\Users\pbs-rosyid\Downloads\Katalon_Studio_Windows_64-8.2.5\Katalon_Studio_Windows_64-8.2.5\configuration\resources\lib\commons-collections4-4.1.jar;C:\Users\pbs-rosyid\Downloads\Katalon_Studio_Windows_64-8.2.5\Katalon_Studio_Windows_64-8.2.5\configuration\resources\lib\commons-validator-1.6.jar;C:\Users\pbs-rosyid\Downloads\Katalon_Studio_Windows_64-8.2
java_class_path (initial): C:\Users\pbs-rosyid\Katalon Studio\Test\bin\keyword;C:\Users\pbs-rosyid\Katalon Studio\Test\bin\listener;C:\Users\pbs-rosyid\Katalon Studio\Test\bin\lib;C:\Users\pbs-rosyid\Katalon Studio\Test\bin\groovy;C:\Users\pbs-rosyid\Katalon Studio\Test\bin;C:\Users\pbs-rosyid\Downloads\Katalon_Studio_Windows_64-8.2.5\Katalon_Studio_Windows_64-8.2.5\plugins\com.kms.katalon.core_1.0.0.202201190711.jar;C:\Users\pbs-rosyid\Downloads\Katalon_Studio_Windows_64-8.2.5\Katalon_Studio_Windows_64-8.2.5\configuration\resources\lib\aalto-xml-1.0.0.jar;C:\Users\pbs-rosyid\Downloads\Katalon_Studio_Windows_64-8.2.5\Katalon_Studio_Windows_64-8.2.5\configuration\resources\lib\aspectjweaver-1.9.1.jar;C:\Users\pbs-rosyid\Downloads\Katalon_Studio_Windows_64-8.2.5\Katalon_Studio_Windows_64-8.2.5\configuration\resources\lib\bcpkix-jdk15on-1.64.jar;C:\Users\pbs-rosyid\Downloads\Katalon_Studio_Windows_64-8.2.5\Katalon_Studio_Windows_64-8.2.5\configuration\resources\lib\bcprov-jdk15on-1.64.jar;C:\Users\pbs-rosyid\Downloads\Katalon_Studio_Windows_64-8.2.5\Katalon_Studio_Windows_64-8.2.5\configuration\resources\lib\browsermob-core-2.1.5.jar;C:\Users\pbs-rosyid\Downloads\Katalon_Studio_Windows_64-8.2.5\Katalon_Studio_Windows_64-8.2.5\configuration\resources\lib\cglib-3.2.10.jar;C:\Users\pbs-rosyid\Downloads\Katalon_Studio_Windows_64-8.2.5\Katalon_Studio_Windows_64-8.2.5\configuration\resources\lib\commons-codec-1.10.jar;C:\Users\pbs-rosyid\Downloads\Katalon_Studio_Windows_64-8.2.5\Katalon_Studio_Windows_64-8.2.5\configuration\resources\lib\commons-collections4-4.1.jar;C:\Users\pbs-rosyid\Downloads\Katalon_Studio_Windows_64-8.2.5\Katalon_Studio_Windows_64-8.2.5\configuration\resources\lib\commons-validator-1.6.jar;C:\Users\pbs-rosyid\Downloads\Katalon_Studio_Windows_64-8.2.5\Katalon_Studio_Windows_64-8.2.5\configuration\resources\lib\curvesapi-1.04.jar;C:\Users\pbs-rosyid\Downloads\Katalon_Studio_Windows_64-8.2.5\Katalon_Studio_Windows_64-8.2.5\configuration\resources\lib\dns
Launcher Type: SUN_STANDARD

Environment Variables:
PATH=C:/Users/pbs-rosyid/Downloads/Katalon_Studio_Windows_64-8.2.5/Katalon_Studio_Windows_64-8.2.5/jre/bin/server;C:/Users/pbs-rosyid/Downloads/Katalon_Studio_Windows_64-8.2.5/Katalon_Studio_Windows_64-8.2.5/jre/bin;C:/Users/pbs-rosyid/Downloads/Katalon_Studio_Windows_64-8.2.5/Katalon_Studio_Windows_64-8.2.5/jre/lib/amd64;C:\Windows\system32;C:\Windows;C:\Windows\System32\Wbem;C:\Windows\System32\WindowsPowerShell\v1.0\;C:\Windows\System32\OpenSSH\;C:\Program Files\Microsoft VS Code\bin;C:\Program Files\nodejs\;C:\Users\pbs-rosyid\AppData\Local\Microsoft\WindowsApps;;C:\Users\pbs-rosyid\AppData\Local\Programs\Microsoft VS Code\bin;C:\Program Files (x86)\BrowserStackLocal\;C:\Users\pbs-rosyid\Downloads\Katalon_Studio_Windows_64-8.2.5\Katalon_Studio_Windows_64-8.2.5;
USERNAME=pbs-rosyid
OS=Windows_NT
PROCESSOR_IDENTIFIER=Intel64 Family 6 Model 142 Stepping 11, GenuineIntel



---------------  S Y S T E M  ---------------

OS: Windows 10.0 , 64 bit Build 18362 (10.0.18362.1500)

CPU:total 8 (initial active 8) (4 cores per cpu, 2 threads per core) family 6 model 142 stepping 11, cmov, cx8, fxsr, mmx, sse, sse2, sse3, ssse3, sse4.1, sse4.2, popcnt, avx, avx2, aes, clmul, erms, 3dnowpref, lzcnt, ht, tsc, tscinvbit, bmi1, bmi2, adx

Memory: 4k page, physical 8259292k(211544k free), swap 23805912k(2808k free)

vm_info: OpenJDK 64-Bit Server VM (25.282-b08) for windows-amd64 JRE (Zulu 8.52.0.23-CA-win64) (1.8.0_282-b08), built on Jan 12 2021 07:45:49 by "tester" with MS VC++ 10.0 (VS2010)

time: Fri Mar 25 14:28:05 2022
timezone: SE Asia Standard Time
elapsed time: 26.841655 seconds (0d 0h 0m 26s)

