#
# There is insufficient memory for the Java Runtime Environment to continue.
# Native memory allocation (malloc) failed to allocate 580624 bytes for Chunk::new
# Possible reasons:
#   The system is out of physical RAM or swap space
#   The process is running with CompressedOops enabled, and the Java Heap may be blocking the growth of the native heap
# Possible solutions:
#   Reduce memory load on the system
#   Increase physical memory or swap space
#   Check if swap backing store is full
#   Decrease Java heap size (-Xmx/-Xms)
#   Decrease number of Java threads
#   Decrease Java thread stack sizes (-Xss)
#   Set larger code cache with -XX:ReservedCodeCacheSize=
#   JVM is running with Unscaled Compressed Oops mode in which the Java heap is
#     placed in the first 4GB address space. The Java Heap base address is the
#     maximum limit for the native heap growth. Please use -XX:HeapBaseMinAddress
#     to set the Java Heap base and to place the Java Heap above 4GB virtual address.
# This output file may be truncated or incomplete.
#
#  Out of Memory Error (allocation.cpp:389), pid=29184, tid=0x000000000000223c
#
# JRE version: OpenJDK Runtime Environment (Zulu 8.52.0.23-CA-win64) (8.0_282-b08) (build 1.8.0_282-b08)
# Java VM: OpenJDK 64-Bit Server VM (25.282-b08 mixed mode windows-amd64 compressed oops)
# Failed to write core dump. Minidumps are not enabled by default on client versions of Windows
#

---------------  T H R E A D  ---------------

Current thread (0x000000001a766800):  JavaThread "C2 CompilerThread2" daemon [_thread_in_native, id=8764, stack(0x000000001b6b0000,0x000000001b7b0000)]

Stack: [0x000000001b6b0000,0x000000001b7b0000]
[error occurred during error reporting (printing stack bounds), id 0xc0000005]

Native frames: (J=compiled Java code, j=interpreted, Vv=VM code, C=native code)


Current CompileTask:
C2:  16919 2968       4       java.net.URLClassLoader$1::run (5 bytes)


---------------  P R O C E S S  ---------------

Java Threads: ( => current thread )
  0x000000001c313000 JavaThread "Okio Watchdog" daemon [_thread_blocked, id=16160, stack(0x0000000021db0000,0x0000000021eb0000)]
  0x000000001c318800 JavaThread "OkHttp ConnectionPool" daemon [_thread_blocked, id=6872, stack(0x0000000021ab0000,0x0000000021bb0000)]
  0x000000001bf6d800 JavaThread "ForkJoinPool.commonPool-worker-3" daemon [_thread_blocked, id=13756, stack(0x00000000219b0000,0x0000000021ab0000)]
  0x000000001bf6c800 JavaThread "ForkJoinPool.commonPool-worker-2" daemon [_thread_blocked, id=2300, stack(0x00000000218b0000,0x00000000219b0000)]
  0x000000001f2e9800 JavaThread "ForkJoinPool.commonPool-worker-1" daemon [_thread_blocked, id=2656, stack(0x00000000217b0000,0x00000000218b0000)]
  0x000000001e3e6000 JavaThread "Exec Stream Pumper" daemon [_thread_in_native, id=35292, stack(0x00000000213b0000,0x00000000214b0000)]
  0x000000001acd7800 JavaThread "Exec Stream Pumper" daemon [_thread_in_native, id=21924, stack(0x00000000212b0000,0x00000000213b0000)]
  0x000000001cb79000 JavaThread "UrlChecker-2" daemon [_thread_blocked, id=30060, stack(0x00000000210b0000,0x00000000211b0000)]
  0x000000001ac97800 JavaThread "Exec Default Executor" daemon [_thread_in_native, id=18428, stack(0x0000000020fb0000,0x00000000210b0000)]
  0x000000001ab24000 JavaThread "Service Thread" daemon [_thread_blocked, id=15876, stack(0x000000001b9b0000,0x000000001bab0000)]
  0x000000001a77a000 JavaThread "C1 CompilerThread3" daemon [_thread_blocked, id=18812, stack(0x000000001b8b0000,0x000000001b9b0000)]
=>0x000000001a766800 JavaThread "C2 CompilerThread2" daemon [_thread_in_native, id=8764, stack(0x000000001b6b0000,0x000000001b7b0000)]
  0x000000001a765800 JavaThread "C2 CompilerThread1" daemon [_thread_in_native, id=13632, stack(0x000000001b5b0000,0x000000001b6b0000)]
  0x000000001a762800 JavaThread "C2 CompilerThread0" daemon [_thread_blocked, id=616, stack(0x000000001b4b0000,0x000000001b5b0000)]
  0x000000001a756000 JavaThread "Attach Listener" daemon [_thread_blocked, id=23100, stack(0x000000001b3b0000,0x000000001b4b0000)]
  0x000000001a759800 JavaThread "Signal Dispatcher" daemon [_thread_blocked, id=32208, stack(0x000000001b2b0000,0x000000001b3b0000)]
  0x000000001a3d8000 JavaThread "Finalizer" daemon [_thread_blocked, id=2280, stack(0x000000001a8b0000,0x000000001a9b0000)]
  0x00000000185ce000 JavaThread "Reference Handler" daemon [_thread_blocked, id=35104, stack(0x000000001a7b0000,0x000000001a8b0000)]
  0x0000000003467800 JavaThread "Forwarding executeAsyncScript on session 9df2e7a94d868035e2a090a0072250e8 to remote" [_thread_in_native, id=29356, stack(0x00000000032f0000,0x00000000033f0000)]

Other Threads:
  0x00000000185c5800 VMThread [stack: 0x000000001a2b0000,0x000000001a3b0000] [id=5936]
  0x000000001ab27000 WatcherThread [stack: 0x000000001bab0000,0x000000001bbb0000] [id=24620]

VM state:not at safepoint (normal execution)

VM Mutex/Monitor currently owned by a thread: None

heap address: 0x0000000080000000, size: 2048 MB, Compressed Oops mode: 32-bit
Narrow klass base: 0x0000000000000000, Narrow klass shift: 3
Compressed class space size: 1073741824 Address: 0x0000000100000000

Heap:
 PSYoungGen      total 70656K, used 11905K [0x00000000d5580000, 0x00000000db600000, 0x0000000100000000)
  eden space 59904K, 1% used [0x00000000d5580000,0x00000000d56a78e0,0x00000000d9000000)
  from space 10752K, 99% used [0x00000000d9000000,0x00000000d9a78d10,0x00000000d9a80000)
  to   space 12800K, 0% used [0x00000000da980000,0x00000000da980000,0x00000000db600000)
 ParOldGen       total 64512K, used 10994K [0x0000000080000000, 0x0000000083f00000, 0x00000000d5580000)
  object space 64512K, 17% used [0x0000000080000000,0x0000000080abc9f0,0x0000000083f00000)
 Metaspace       used 30444K, capacity 31324K, committed 31616K, reserved 1077248K
  class space    used 3627K, capacity 3872K, committed 3968K, reserved 1048576K

Card table byte_map: [0x0000000012910000,0x0000000012d20000] byte_map_base: 0x0000000012510000

Marking Bits: (ParMarkBitMap*) 0x000000005e311f00
 Begin Bits: [0x00000000137d0000, 0x00000000157d0000)
 End Bits:   [0x00000000157d0000, 0x00000000177d0000)

Polling page: 0x0000000001470000

CodeCache: size=245760Kb used=11388Kb max_used=12146Kb free=234371Kb
 bounds [0x0000000003550000, 0x0000000004140000, 0x0000000012550000]
 total_blobs=3496 nmethods=2805 adapters=601
 compilation: enabled

Compilation events (10 events):
Event: 16.831 Thread 0x000000001a77a000 2993       3       java.util.Formatter$FormatSpecifier::<init> (246 bytes)
Event: 16.833 Thread 0x000000001a77a000 nmethod 2993 0x0000000003aa22d0 code [0x0000000003aa2600, 0x0000000003aa38d8]
Event: 16.834 Thread 0x000000001a77a000 2994   !   3       java.util.Formatter$FormatSpecifier::index (53 bytes)
Event: 16.834 Thread 0x000000001a77a000 nmethod 2994 0x0000000003a77e90 code [0x0000000003a78020, 0x0000000003a78498]
Event: 16.834 Thread 0x000000001a77a000 2995       3       java.util.Formatter$FormatSpecifier::justify (105 bytes)
Event: 16.836 Thread 0x000000001a77a000 nmethod 2995 0x000000000374a3d0 code [0x000000000374a680, 0x000000000374baf8]
Event: 16.836 Thread 0x000000001a77a000 2996       1       java.util.Spliterators$ArraySpliterator::characteristics (5 bytes)
Event: 16.836 Thread 0x000000001a77a000 nmethod 2996 0x00000000038e18d0 code [0x00000000038e1a20, 0x00000000038e1b30]
Event: 16.837 Thread 0x000000001a77a000 2997       3       okio.RealBufferedSink::writeUtf8 (31 bytes)
Event: 16.837 Thread 0x000000001a77a000 nmethod 2997 0x00000000038f6bd0 code [0x00000000038f6d80, 0x00000000038f7328]

GC Heap History (10 events):
Event: 6.952 GC heap before
{Heap before GC invocations=12 (full 1):
 PSYoungGen      total 47104K, used 41245K [0x00000000d5580000, 0x00000000d8d00000, 0x0000000100000000)
  eden space 38912K, 100% used [0x00000000d5580000,0x00000000d7b80000,0x00000000d7b80000)
  from space 8192K, 28% used [0x00000000d8400000,0x00000000d86475e8,0x00000000d8c00000)
  to   space 8704K, 0% used [0x00000000d7b80000,0x00000000d7b80000,0x00000000d8400000)
 ParOldGen       total 64512K, used 8922K [0x0000000080000000, 0x0000000083f00000, 0x00000000d5580000)
  object space 64512K, 13% used [0x0000000080000000,0x00000000808b6a60,0x0000000083f00000)
 Metaspace       used 22083K, capacity 22392K, committed 22704K, reserved 1069056K
  class space    used 2427K, capacity 2541K, committed 2560K, reserved 1048576K
Event: 6.956 GC heap after
Heap after GC invocations=12 (full 1):
 PSYoungGen      total 47616K, used 2384K [0x00000000d5580000, 0x00000000d9580000, 0x0000000100000000)
  eden space 38912K, 0% used [0x00000000d5580000,0x00000000d5580000,0x00000000d7b80000)
  from space 8704K, 27% used [0x00000000d7b80000,0x00000000d7dd4278,0x00000000d8400000)
  to   space 8704K, 0% used [0x00000000d8d00000,0x00000000d8d00000,0x00000000d9580000)
 ParOldGen       total 64512K, used 8922K [0x0000000080000000, 0x0000000083f00000, 0x00000000d5580000)
  object space 64512K, 13% used [0x0000000080000000,0x00000000808b6a60,0x0000000083f00000)
 Metaspace       used 22083K, capacity 22392K, committed 22704K, reserved 1069056K
  class space    used 2427K, capacity 2541K, committed 2560K, reserved 1048576K
}
Event: 7.261 GC heap before
{Heap before GC invocations=13 (full 1):
 PSYoungGen      total 47616K, used 41296K [0x00000000d5580000, 0x00000000d9580000, 0x0000000100000000)
  eden space 38912K, 100% used [0x00000000d5580000,0x00000000d7b80000,0x00000000d7b80000)
  from space 8704K, 27% used [0x00000000d7b80000,0x00000000d7dd4278,0x00000000d8400000)
  to   space 8704K, 0% used [0x00000000d8d00000,0x00000000d8d00000,0x00000000d9580000)
 ParOldGen       total 64512K, used 8922K [0x0000000080000000, 0x0000000083f00000, 0x00000000d5580000)
  object space 64512K, 13% used [0x0000000080000000,0x00000000808b6a60,0x0000000083f00000)
 Metaspace       used 22196K, capacity 22520K, committed 22704K, reserved 1069056K
  class space    used 2436K, capacity 2541K, committed 2560K, reserved 1048576K
Event: 7.264 GC heap after
Heap after GC invocations=13 (full 1):
 PSYoungGen      total 56832K, used 3008K [0x00000000d5580000, 0x00000000d9500000, 0x0000000100000000)
  eden space 48640K, 0% used [0x00000000d5580000,0x00000000d5580000,0x00000000d8500000)
  from space 8192K, 36% used [0x00000000d8d00000,0x00000000d8ff0000,0x00000000d9500000)
  to   space 8192K, 0% used [0x00000000d8500000,0x00000000d8500000,0x00000000d8d00000)
 ParOldGen       total 64512K, used 8930K [0x0000000080000000, 0x0000000083f00000, 0x00000000d5580000)
  object space 64512K, 13% used [0x0000000080000000,0x00000000808b8a60,0x0000000083f00000)
 Metaspace       used 22196K, capacity 22520K, committed 22704K, reserved 1069056K
  class space    used 2436K, capacity 2541K, committed 2560K, reserved 1048576K
}
Event: 7.807 GC heap before
{Heap before GC invocations=14 (full 1):
 PSYoungGen      total 56832K, used 51648K [0x00000000d5580000, 0x00000000d9500000, 0x0000000100000000)
  eden space 48640K, 100% used [0x00000000d5580000,0x00000000d8500000,0x00000000d8500000)
  from space 8192K, 36% used [0x00000000d8d00000,0x00000000d8ff0000,0x00000000d9500000)
  to   space 8192K, 0% used [0x00000000d8500000,0x00000000d8500000,0x00000000d8d00000)
 ParOldGen       total 64512K, used 8930K [0x0000000080000000, 0x0000000083f00000, 0x00000000d5580000)
  object space 64512K, 13% used [0x0000000080000000,0x00000000808b8a60,0x0000000083f00000)
 Metaspace       used 23614K, capacity 23932K, committed 24320K, reserved 1071104K
  class space    used 2662K, capacity 2773K, committed 2816K, reserved 1048576K
Event: 7.815 GC heap after
Heap after GC invocations=14 (full 1):
 PSYoungGen      total 56832K, used 7232K [0x00000000d5580000, 0x00000000da380000, 0x0000000100000000)
  eden space 48640K, 0% used [0x00000000d5580000,0x00000000d5580000,0x00000000d8500000)
  from space 8192K, 88% used [0x00000000d8500000,0x00000000d8c10000,0x00000000d8d00000)
  to   space 9216K, 0% used [0x00000000d9a80000,0x00000000d9a80000,0x00000000da380000)
 ParOldGen       total 64512K, used 8938K [0x0000000080000000, 0x0000000083f00000, 0x00000000d5580000)
  object space 64512K, 13% used [0x0000000080000000,0x00000000808baa60,0x0000000083f00000)
 Metaspace       used 23614K, capacity 23932K, committed 24320K, reserved 1071104K
  class space    used 2662K, capacity 2773K, committed 2816K, reserved 1048576K
}
Event: 9.821 GC heap before
{Heap before GC invocations=15 (full 1):
 PSYoungGen      total 56832K, used 55872K [0x00000000d5580000, 0x00000000da380000, 0x0000000100000000)
  eden space 48640K, 100% used [0x00000000d5580000,0x00000000d8500000,0x00000000d8500000)
  from space 8192K, 88% used [0x00000000d8500000,0x00000000d8c10000,0x00000000d8d00000)
  to   space 9216K, 0% used [0x00000000d9a80000,0x00000000d9a80000,0x00000000da380000)
 ParOldGen       total 64512K, used 8938K [0x0000000080000000, 0x0000000083f00000, 0x00000000d5580000)
  object space 64512K, 13% used [0x0000000080000000,0x00000000808baa60,0x0000000083f00000)
 Metaspace       used 26875K, capacity 27284K, committed 27648K, reserved 1073152K
  class space    used 3101K, capacity 3283K, committed 3328K, reserved 1048576K
Event: 9.833 GC heap after
Heap after GC invocations=15 (full 1):
 PSYoungGen      total 69120K, used 9211K [0x00000000d5580000, 0x00000000da600000, 0x0000000100000000)
  eden space 59904K, 0% used [0x00000000d5580000,0x00000000d5580000,0x00000000d9000000)
  from space 9216K, 99% used [0x00000000d9a80000,0x00000000da37ec70,0x00000000da380000)
  to   space 10752K, 0% used [0x00000000d9000000,0x00000000d9000000,0x00000000d9a80000)
 ParOldGen       total 64512K, used 9975K [0x0000000080000000, 0x0000000083f00000, 0x00000000d5580000)
  object space 64512K, 15% used [0x0000000080000000,0x00000000809bdc58,0x0000000083f00000)
 Metaspace       used 26875K, capacity 27284K, committed 27648K, reserved 1073152K
  class space    used 3101K, capacity 3283K, committed 3328K, reserved 1048576K
}
Event: 16.669 GC heap before
{Heap before GC invocations=16 (full 1):
 PSYoungGen      total 69120K, used 69115K [0x00000000d5580000, 0x00000000da600000, 0x0000000100000000)
  eden space 59904K, 100% used [0x00000000d5580000,0x00000000d9000000,0x00000000d9000000)
  from space 9216K, 99% used [0x00000000d9a80000,0x00000000da37ec70,0x00000000da380000)
  to   space 10752K, 0% used [0x00000000d9000000,0x00000000d9000000,0x00000000d9a80000)
 ParOldGen       total 64512K, used 9975K [0x0000000080000000, 0x0000000083f00000, 0x00000000d5580000)
  object space 64512K, 15% used [0x0000000080000000,0x00000000809bdc58,0x0000000083f00000)
 Metaspace       used 30408K, capacity 31324K, committed 31616K, reserved 1077248K
  class space    used 3624K, capacity 3872K, committed 3968K, reserved 1048576K
Event: 16.693 GC heap after
Heap after GC invocations=16 (full 1):
 PSYoungGen      total 70656K, used 10723K [0x00000000d5580000, 0x00000000db600000, 0x0000000100000000)
  eden space 59904K, 0% used [0x00000000d5580000,0x00000000d5580000,0x00000000d9000000)
  from space 10752K, 99% used [0x00000000d9000000,0x00000000d9a78d10,0x00000000d9a80000)
  to   space 12800K, 0% used [0x00000000da980000,0x00000000da980000,0x00000000db600000)
 ParOldGen       total 64512K, used 10994K [0x0000000080000000, 0x0000000083f00000, 0x00000000d5580000)
  object space 64512K, 17% used [0x0000000080000000,0x0000000080abc9f0,0x0000000083f00000)
 Metaspace       used 30408K, capacity 31324K, committed 31616K, reserved 1077248K
  class space    used 3624K, capacity 3872K, committed 3968K, reserved 1048576K
}

Deoptimization events (10 events):
Event: 13.041 Thread 0x0000000003467800 Uncommon trap: reason=class_check action=maybe_recompile pc=0x0000000004036f44 method=org.openqa.selenium.json.Input.init()V @ 18
Event: 13.041 Thread 0x0000000003467800 Uncommon trap: reason=class_check action=maybe_recompile pc=0x0000000004036f44 method=org.openqa.selenium.json.Input.init()V @ 18
Event: 13.041 Thread 0x0000000003467800 Uncommon trap: reason=class_check action=maybe_recompile pc=0x0000000004036f44 method=org.openqa.selenium.json.Input.init()V @ 18
Event: 13.041 Thread 0x0000000003467800 Uncommon trap: reason=class_check action=maybe_recompile pc=0x0000000004036f44 method=org.openqa.selenium.json.Input.init()V @ 18
Event: 13.157 Thread 0x0000000003467800 Uncommon trap: reason=bimorphic action=maybe_recompile pc=0x0000000003a79edc method=java.util.HashMap.putVal(ILjava/lang/Object;Ljava/lang/Object;ZZ)Ljava/lang/Object; @ 203
Event: 13.158 Thread 0x0000000003467800 Uncommon trap: reason=bimorphic action=maybe_recompile pc=0x0000000003a79edc method=java.util.HashMap.putVal(ILjava/lang/Object;Ljava/lang/Object;ZZ)Ljava/lang/Object; @ 203
Event: 13.159 Thread 0x0000000003467800 Uncommon trap: reason=bimorphic action=maybe_recompile pc=0x0000000003a79edc method=java.util.HashMap.putVal(ILjava/lang/Object;Ljava/lang/Object;ZZ)Ljava/lang/Object; @ 203
Event: 13.219 Thread 0x0000000003467800 Uncommon trap: reason=class_check action=maybe_recompile pc=0x0000000003f496dc method=java.io.InputStream.read([B)I @ 5
Event: 13.219 Thread 0x0000000003467800 Uncommon trap: reason=class_check action=maybe_recompile pc=0x0000000003f496dc method=java.io.InputStream.read([B)I @ 5
Event: 13.446 Thread 0x0000000003467800 Uncommon trap: reason=bimorphic action=maybe_recompile pc=0x0000000003b81be0 method=java.net.URL.<init>(Ljava/net/URL;Ljava/lang/String;Ljava/net/URLStreamHandler;)V @ 504

Classes redefined (0 events):
No events

Internal exceptions (10 events):
Event: 16.523 Thread 0x0000000003467800 Exception <a 'java/security/PrivilegedActionException'> (0x00000000d886f070) thrown at [C:\jenkins\workspace\zulu8-silver-build-win64\zulu-src\hotspot\src\share\vm\prims\jvm.cpp, line 1529]
Event: 16.523 Thread 0x0000000003467800 Exception <a 'java/security/PrivilegedActionException'> (0x00000000d886f650) thrown at [C:\jenkins\workspace\zulu8-silver-build-win64\zulu-src\hotspot\src\share\vm\prims\jvm.cpp, line 1529]
Event: 16.524 Thread 0x0000000003467800 Exception <a 'java/security/PrivilegedActionException'> (0x00000000d8881c38) thrown at [C:\jenkins\workspace\zulu8-silver-build-win64\zulu-src\hotspot\src\share\vm\prims\jvm.cpp, line 1529]
Event: 16.524 Thread 0x0000000003467800 Exception <a 'java/security/PrivilegedActionException'> (0x00000000d8882218) thrown at [C:\jenkins\workspace\zulu8-silver-build-win64\zulu-src\hotspot\src\share\vm\prims\jvm.cpp, line 1529]
Event: 16.566 Thread 0x0000000003467800 Exception <a 'java/lang/ClassNotFoundException': Script1BeanInfo> (0x00000000d8aa4590) thrown at [C:\jenkins\workspace\zulu8-silver-build-win64\zulu-src\hotspot\src\share\vm\classfile\systemDictionary.cpp, line 220]
Event: 16.594 Thread 0x0000000003467800 Exception <a 'java/lang/ClassNotFoundException': Script1Customizer> (0x00000000d8b2d8a8) thrown at [C:\jenkins\workspace\zulu8-silver-build-win64\zulu-src\hotspot\src\share\vm\classfile\systemDictionary.cpp, line 220]
Event: 16.643 Thread 0x0000000003467800 Exception <a 'java/lang/ClassNotFoundException': com/kms/katalon/core/webui/keyword/builtin/ClickKeywordBeanInfo> (0x00000000d8de6988) thrown at [C:\jenkins\workspace\zulu8-silver-build-win64\zulu-src\hotspot\src\share\vm\classfile\systemDictionary.cpp, l
Event: 16.655 Thread 0x0000000003467800 Exception <a 'java/lang/ClassNotFoundException': com/kms/katalon/core/webui/keyword/builtin/ClickKeywordCustomizer> (0x00000000d8eba098) thrown at [C:\jenkins\workspace\zulu8-silver-build-win64\zulu-src\hotspot\src\share\vm\classfile\systemDictionary.cpp,
Event: 16.706 Thread 0x0000000003467800 Exception <a 'java/net/SocketTimeoutException': Read timed out> (0x00000000d55b9d18) thrown at [C:\jenkins\workspace\zulu8-silver-build-win64\zulu-src\hotspot\src\share\vm\prims\jni.cpp, line 738]
Event: 16.835 Thread 0x0000000003467800 Exception <a 'java/net/SocketTimeoutException': Read timed out> (0x00000000d55d5998) thrown at [C:\jenkins\workspace\zulu8-silver-build-win64\zulu-src\hotspot\src\share\vm\prims\jni.cpp, line 738]

Events (10 events):
Event: 16.831 Thread 0x000000001a77a000 flushing nmethod 0x0000000003a9fe10
Event: 16.831 Thread 0x000000001a77a000 flushing nmethod 0x0000000003aa19d0
Event: 16.831 Thread 0x000000001a77a000 flushing nmethod 0x0000000003aa22d0
Event: 16.831 Thread 0x000000001a77a000 flushing nmethod 0x0000000003aa4ad0
Event: 16.834 Thread 0x000000001a77a000 flushing nmethod 0x0000000003ae9790
Event: 16.834 Thread 0x000000001a77a000 flushing nmethod 0x0000000003b15c10
Event: 16.834 Thread 0x000000001a77a000 flushing nmethod 0x0000000003b51750
Event: 16.834 Thread 0x000000001a77a000 flushing nmethod 0x0000000003b55a90
Event: 16.834 Thread 0x000000001a77a000 flushing nmethod 0x0000000003b55f90
Event: 16.834 Thread 0x000000001a77a000 flushing nmethod 0x0000000003b571d0


Dynamic libraries:
0x00007ff6ec4c0000 - 0x00007ff6ec4f5000 	C:\Users\pbs-rosyid\Downloads\Katalon_Studio_Windows_64-8.2.5\Katalon_Studio_Windows_64-8.2.5\jre\bin\javaw.exe
0x00007ffed0de0000 - 0x00007ffed0fd0000 	C:\Windows\SYSTEM32\ntdll.dll
0x00007ffecf190000 - 0x00007ffecf242000 	C:\Windows\System32\KERNEL32.DLL
0x00007ffecde50000 - 0x00007ffece0f5000 	C:\Windows\System32\KERNELBASE.dll
0x00007ffecbb00000 - 0x00007ffecbb8f000 	C:\Windows\SYSTEM32\apphelp.dll
0x00007ffecf250000 - 0x00007ffecf2f3000 	C:\Windows\System32\ADVAPI32.dll
0x00007ffecff50000 - 0x00007ffecffee000 	C:\Windows\System32\msvcrt.dll
0x00007ffed0230000 - 0x00007ffed02c7000 	C:\Windows\System32\sechost.dll
0x00007ffed0a40000 - 0x00007ffed0b5f000 	C:\Windows\System32\RPCRT4.dll
0x00007ffecf640000 - 0x00007ffecf7d4000 	C:\Windows\System32\USER32.dll
0x00007ffecedd0000 - 0x00007ffecedf1000 	C:\Windows\System32\win32u.dll
0x00007ffecfff0000 - 0x00007ffed0016000 	C:\Windows\System32\GDI32.dll
0x00007ffece200000 - 0x00007ffece398000 	C:\Windows\System32\gdi32full.dll
0x00007ffece160000 - 0x00007ffece1fe000 	C:\Windows\System32\msvcp_win.dll
0x00007ffecdd50000 - 0x00007ffecde4a000 	C:\Windows\System32\ucrtbase.dll
0x00007ffe9f330000 - 0x00007ffe9f5b4000 	C:\Windows\WinSxS\amd64_microsoft.windows.common-controls_6595b64144ccf1df_6.0.18362.1556_none_9e7e372fe45e41d5\COMCTL32.dll
0x00007ffecf300000 - 0x00007ffecf636000 	C:\Windows\System32\combase.dll
0x00007ffecee00000 - 0x00007ffecee81000 	C:\Windows\System32\bcryptPrimitives.dll
0x00007ffed0d10000 - 0x00007ffed0d3e000 	C:\Windows\System32\IMM32.DLL
0x0000000001490000 - 0x00000000014a4000 	C:\Windows\System32\umppc15005.dll
0x000000005d8f0000 - 0x000000005d9c2000 	C:\Users\pbs-rosyid\Downloads\Katalon_Studio_Windows_64-8.2.5\Katalon_Studio_Windows_64-8.2.5\jre\bin\msvcr100.dll
0x000000005dad0000 - 0x000000005e395000 	C:\Users\pbs-rosyid\Downloads\Katalon_Studio_Windows_64-8.2.5\Katalon_Studio_Windows_64-8.2.5\jre\bin\server\jvm.dll
0x00007ffed08b0000 - 0x00007ffed08b8000 	C:\Windows\System32\PSAPI.DLL
0x00007ffe91dc0000 - 0x00007ffe91dc9000 	C:\Windows\SYSTEM32\WSOCK32.dll
0x00007ffed0b60000 - 0x00007ffed0bcf000 	C:\Windows\System32\WS2_32.dll
0x00007ffecb840000 - 0x00007ffecb864000 	C:\Windows\SYSTEM32\WINMM.dll
0x00007ffec4ac0000 - 0x00007ffec4aca000 	C:\Windows\SYSTEM32\VERSION.dll
0x00007ffecb3c0000 - 0x00007ffecb3ed000 	C:\Windows\SYSTEM32\WINMMBASE.dll
0x00007ffececd0000 - 0x00007ffeced1a000 	C:\Windows\System32\cfgmgr32.dll
0x00007ffec1630000 - 0x00007ffec163f000 	C:\Users\pbs-rosyid\Downloads\Katalon_Studio_Windows_64-8.2.5\Katalon_Studio_Windows_64-8.2.5\jre\bin\verify.dll
0x00007ffebc030000 - 0x00007ffebc059000 	C:\Users\pbs-rosyid\Downloads\Katalon_Studio_Windows_64-8.2.5\Katalon_Studio_Windows_64-8.2.5\jre\bin\java.dll
0x00007ffebbef0000 - 0x00007ffebbf06000 	C:\Users\pbs-rosyid\Downloads\Katalon_Studio_Windows_64-8.2.5\Katalon_Studio_Windows_64-8.2.5\jre\bin\zip.dll
0x00007ffecf7e0000 - 0x00007ffecfec7000 	C:\Windows\System32\SHELL32.dll
0x00007ffed0990000 - 0x00007ffed0a38000 	C:\Windows\System32\shcore.dll
0x00007ffece550000 - 0x00007ffececcb000 	C:\Windows\System32\windows.storage.dll
0x00007ffecdd30000 - 0x00007ffecdd4e000 	C:\Windows\System32\profapi.dll
0x00007ffecdce0000 - 0x00007ffecdd2a000 	C:\Windows\System32\powrprof.dll
0x00007ffecdc90000 - 0x00007ffecdca0000 	C:\Windows\System32\UMPDC.dll
0x00007ffecefd0000 - 0x00007ffecf022000 	C:\Windows\System32\shlwapi.dll
0x00007ffecdcc0000 - 0x00007ffecdcd1000 	C:\Windows\System32\kernel.appcore.dll
0x00007ffece3a0000 - 0x00007ffece3b7000 	C:\Windows\System32\cryptsp.dll
0x00007ffebb570000 - 0x00007ffebb58b000 	C:\Users\pbs-rosyid\Downloads\Katalon_Studio_Windows_64-8.2.5\Katalon_Studio_Windows_64-8.2.5\jre\bin\net.dll
0x00007ffecd470000 - 0x00007ffecd4d7000 	C:\Windows\system32\mswsock.dll
0x00007ffebb4b0000 - 0x00007ffebb4c1000 	C:\Users\pbs-rosyid\Downloads\Katalon_Studio_Windows_64-8.2.5\Katalon_Studio_Windows_64-8.2.5\jre\bin\nio.dll
0x00007ffecd1c0000 - 0x00007ffecd28b000 	C:\Windows\SYSTEM32\DNSAPI.dll
0x00007ffed0430000 - 0x00007ffed0438000 	C:\Windows\System32\NSI.dll
0x00007ffecd180000 - 0x00007ffecd1ba000 	C:\Windows\SYSTEM32\IPHLPAPI.DLL
0x00007ffebb860000 - 0x00007ffebb86a000 	C:\Windows\System32\rasadhlp.dll
0x00007ffec46f0000 - 0x00007ffec4767000 	C:\Windows\System32\fwpuclnt.dll
0x00007ffece3c0000 - 0x00007ffece3e6000 	C:\Windows\System32\bcrypt.dll
0x00007ffeba160000 - 0x00007ffeba184000 	C:\Users\pbs-rosyid\Downloads\Katalon_Studio_Windows_64-8.2.5\Katalon_Studio_Windows_64-8.2.5\jre\bin\sunec.dll
0x00007ffebd620000 - 0x00007ffebd62c000 	C:\Users\pbs-rosyid\Downloads\Katalon_Studio_Windows_64-8.2.5\Katalon_Studio_Windows_64-8.2.5\jre\bin\sunmscapi.dll
0x00007ffece3f0000 - 0x00007ffece541000 	C:\Windows\System32\CRYPT32.dll
0x00007ffecdca0000 - 0x00007ffecdcb2000 	C:\Windows\System32\MSASN1.dll
0x00007ffecd7b0000 - 0x00007ffecd7d6000 	C:\Windows\SYSTEM32\ncrypt.dll
0x00007ffecd770000 - 0x00007ffecd7ab000 	C:\Windows\SYSTEM32\NTASN1.dll
0x00007ffeccff0000 - 0x00007ffecd023000 	C:\Windows\system32\rsaenh.dll
0x00007ffecdbb0000 - 0x00007ffecdbd5000 	C:\Windows\SYSTEM32\USERENV.dll
0x00007ffecd640000 - 0x00007ffecd64c000 	C:\Windows\SYSTEM32\CRYPTBASE.dll
0x00007ffec4c00000 - 0x00007ffec4c16000 	C:\Windows\SYSTEM32\dhcpcsvc6.DLL
0x00007ffec64e0000 - 0x00007ffec64fc000 	C:\Windows\SYSTEM32\dhcpcsvc.DLL

VM Arguments:
jvm_args: -Dgroovy.home=C:\Users\pbs-rosyid/.groovy -Djava.system.class.loader=groovy.lang.GroovyClassLoader -Xmx2048m -Dfile.encoding=UTF-8 
java_command: org.codehaus.groovy.tools.GroovyStarter --classpath C:\Users\pbs-rosyid\Katalon Studio\Test\bin\keyword;C:\Users\pbs-rosyid\Katalon Studio\Test\Keywords;C:\Users\pbs-rosyid\Katalon Studio\Test\bin\listener;C:\Users\pbs-rosyid\Katalon Studio\Test\Test Listeners;C:\Users\pbs-rosyid\Katalon Studio\Test\bin\lib;C:\Users\pbs-rosyid\Katalon Studio\Test\Libs;C:\Users\pbs-rosyid\Katalon Studio\Test\bin\groovy;C:\Users\pbs-rosyid\Katalon Studio\Test\Include\scripts\groovy;C:\Users\pbs-rosyid\Downloads\Katalon_Studio_Windows_64-8.2.5\Katalon_Studio_Windows_64-8.2.5\plugins\com.kms.katalon.core_1.0.0.202201190711.jar;C:\Users\pbs-rosyid\Downloads\Katalon_Studio_Windows_64-8.2.5\Katalon_Studio_Windows_64-8.2.5\configuration\resources\lib\aalto-xml-1.0.0.jar;C:\Users\pbs-rosyid\Downloads\Katalon_Studio_Windows_64-8.2.5\Katalon_Studio_Windows_64-8.2.5\configuration\resources\lib\aspectjweaver-1.9.1.jar;C:\Users\pbs-rosyid\Downloads\Katalon_Studio_Windows_64-8.2.5\Katalon_Studio_Windows_64-8.2.5\configuration\resources\lib\bcpkix-jdk15on-1.64.jar;C:\Users\pbs-rosyid\Downloads\Katalon_Studio_Windows_64-8.2.5\Katalon_Studio_Windows_64-8.2.5\configuration\resources\lib\bcprov-jdk15on-1.64.jar;C:\Users\pbs-rosyid\Downloads\Katalon_Studio_Windows_64-8.2.5\Katalon_Studio_Windows_64-8.2.5\configuration\resources\lib\browsermob-core-2.1.5.jar;C:\Users\pbs-rosyid\Downloads\Katalon_Studio_Windows_64-8.2.5\Katalon_Studio_Windows_64-8.2.5\configuration\resources\lib\cglib-3.2.10.jar;C:\Users\pbs-rosyid\Downloads\Katalon_Studio_Windows_64-8.2.5\Katalon_Studio_Windows_64-8.2.5\configuration\resources\lib\commons-codec-1.10.jar;C:\Users\pbs-rosyid\Downloads\Katalon_Studio_Windows_64-8.2.5\Katalon_Studio_Windows_64-8.2.5\configuration\resources\lib\commons-collections4-4.1.jar;C:\Users\pbs-rosyid\Downloads\Katalon_Studio_Windows_64-8.2.5\Katalon_Studio_Windows_64-8.2.5\configuration\resources\lib\commons-validator-1.6.jar;C:\Users\pbs-rosyid\Downloads\Katalon_Studio_Windows_64-8.2
java_class_path (initial): C:\Users\pbs-rosyid\Katalon Studio\Test\bin\keyword;C:\Users\pbs-rosyid\Katalon Studio\Test\bin\listener;C:\Users\pbs-rosyid\Katalon Studio\Test\bin\lib;C:\Users\pbs-rosyid\Katalon Studio\Test\bin\groovy;C:\Users\pbs-rosyid\Katalon Studio\Test\bin;C:\Users\pbs-rosyid\Downloads\Katalon_Studio_Windows_64-8.2.5\Katalon_Studio_Windows_64-8.2.5\plugins\com.kms.katalon.core_1.0.0.202201190711.jar;C:\Users\pbs-rosyid\Downloads\Katalon_Studio_Windows_64-8.2.5\Katalon_Studio_Windows_64-8.2.5\configuration\resources\lib\aalto-xml-1.0.0.jar;C:\Users\pbs-rosyid\Downloads\Katalon_Studio_Windows_64-8.2.5\Katalon_Studio_Windows_64-8.2.5\configuration\resources\lib\aspectjweaver-1.9.1.jar;C:\Users\pbs-rosyid\Downloads\Katalon_Studio_Windows_64-8.2.5\Katalon_Studio_Windows_64-8.2.5\configuration\resources\lib\bcpkix-jdk15on-1.64.jar;C:\Users\pbs-rosyid\Downloads\Katalon_Studio_Windows_64-8.2.5\Katalon_Studio_Windows_64-8.2.5\configuration\resources\lib\bcprov-jdk15on-1.64.jar;C:\Users\pbs-rosyid\Downloads\Katalon_Studio_Windows_64-8.2.5\Katalon_Studio_Windows_64-8.2.5\configuration\resources\lib\browsermob-core-2.1.5.jar;C:\Users\pbs-rosyid\Downloads\Katalon_Studio_Windows_64-8.2.5\Katalon_Studio_Windows_64-8.2.5\configuration\resources\lib\cglib-3.2.10.jar;C:\Users\pbs-rosyid\Downloads\Katalon_Studio_Windows_64-8.2.5\Katalon_Studio_Windows_64-8.2.5\configuration\resources\lib\commons-codec-1.10.jar;C:\Users\pbs-rosyid\Downloads\Katalon_Studio_Windows_64-8.2.5\Katalon_Studio_Windows_64-8.2.5\configuration\resources\lib\commons-collections4-4.1.jar;C:\Users\pbs-rosyid\Downloads\Katalon_Studio_Windows_64-8.2.5\Katalon_Studio_Windows_64-8.2.5\configuration\resources\lib\commons-validator-1.6.jar;C:\Users\pbs-rosyid\Downloads\Katalon_Studio_Windows_64-8.2.5\Katalon_Studio_Windows_64-8.2.5\configuration\resources\lib\curvesapi-1.04.jar;C:\Users\pbs-rosyid\Downloads\Katalon_Studio_Windows_64-8.2.5\Katalon_Studio_Windows_64-8.2.5\configuration\resources\lib\dns
Launcher Type: SUN_STANDARD

Environment Variables:
PATH=C:/Users/pbs-rosyid/Downloads/Katalon_Studio_Windows_64-8.2.5/Katalon_Studio_Windows_64-8.2.5/jre/bin/server;C:/Users/pbs-rosyid/Downloads/Katalon_Studio_Windows_64-8.2.5/Katalon_Studio_Windows_64-8.2.5/jre/bin;C:/Users/pbs-rosyid/Downloads/Katalon_Studio_Windows_64-8.2.5/Katalon_Studio_Windows_64-8.2.5/jre/lib/amd64;C:\Windows\system32;C:\Windows;C:\Windows\System32\Wbem;C:\Windows\System32\WindowsPowerShell\v1.0\;C:\Windows\System32\OpenSSH\;C:\Program Files\Microsoft VS Code\bin;C:\Program Files\nodejs\;C:\Users\pbs-rosyid\AppData\Local\Microsoft\WindowsApps;;C:\Users\pbs-rosyid\AppData\Local\Programs\Microsoft VS Code\bin;C:\Program Files (x86)\BrowserStackLocal\;C:\Users\pbs-rosyid\Downloads\Katalon_Studio_Windows_64-8.2.5\Katalon_Studio_Windows_64-8.2.5;
USERNAME=pbs-rosyid
OS=Windows_NT
PROCESSOR_IDENTIFIER=Intel64 Family 6 Model 142 Stepping 11, GenuineIntel



---------------  S Y S T E M  ---------------

OS: Windows 10.0 , 64 bit Build 18362 (10.0.18362.1500)

CPU:total 8 (initial active 8) (4 cores per cpu, 2 threads per core) family 6 model 142 stepping 11, cmov, cx8, fxsr, mmx, sse, sse2, sse3, ssse3, sse4.1, sse4.2, popcnt, avx, avx2, aes, clmul, erms, 3dnowpref, lzcnt, ht, tsc, tscinvbit, bmi1, bmi2, adx

Memory: 4k page, physical 8259292k(282292k free), swap 23805912k(5828k free)

vm_info: OpenJDK 64-Bit Server VM (25.282-b08) for windows-amd64 JRE (Zulu 8.52.0.23-CA-win64) (1.8.0_282-b08), built on Jan 12 2021 07:45:49 by "tester" with MS VC++ 10.0 (VS2010)

time: Fri Mar 25 15:40:26 2022
timezone: SE Asia Standard Time
elapsed time: 16.954129 seconds (0d 0h 0m 16s)

