#
# There is insufficient memory for the Java Runtime Environment to continue.
# Native memory allocation (malloc) failed to allocate 447456 bytes for Chunk::new
# Possible reasons:
#   The system is out of physical RAM or swap space
#   The process is running with CompressedOops enabled, and the Java Heap may be blocking the growth of the native heap
# Possible solutions:
#   Reduce memory load on the system
#   Increase physical memory or swap space
#   Check if swap backing store is full
#   Decrease Java heap size (-Xmx/-Xms)
#   Decrease number of Java threads
#   Decrease Java thread stack sizes (-Xss)
#   Set larger code cache with -XX:ReservedCodeCacheSize=
#   JVM is running with Unscaled Compressed Oops mode in which the Java heap is
#     placed in the first 4GB address space. The Java Heap base address is the
#     maximum limit for the native heap growth. Please use -XX:HeapBaseMinAddress
#     to set the Java Heap base and to place the Java Heap above 4GB virtual address.
# This output file may be truncated or incomplete.
#
#  Out of Memory Error (allocation.cpp:389), pid=32672, tid=0x0000000000005ab0
#
# JRE version: OpenJDK Runtime Environment (Zulu 8.52.0.23-CA-win64) (8.0_282-b08) (build 1.8.0_282-b08)
# Java VM: OpenJDK 64-Bit Server VM (25.282-b08 mixed mode windows-amd64 compressed oops)
# Failed to write core dump. Minidumps are not enabled by default on client versions of Windows
#

---------------  T H R E A D  ---------------

Current thread (0x000000001a286800):  JavaThread "C2 CompilerThread1" daemon [_thread_in_native, id=23216, stack(0x000000001b0d0000,0x000000001b1d0000)]

Stack: [0x000000001b0d0000,0x000000001b1d0000]
[error occurred during error reporting (printing stack bounds), id 0xc0000005]

Native frames: (J=compiled Java code, j=interpreted, Vv=VM code, C=native code)


Current CompileTask:
C2:  11992 2281  s    4       sun.misc.URLClassPath::getNextLoader (88 bytes)


---------------  P R O C E S S  ---------------

Java Threads: ( => current thread )
  0x000000001a29b800 JavaThread "Service Thread" daemon [_thread_blocked, id=35864, stack(0x000000001b4d0000,0x000000001b5d0000)]
  0x000000001a298000 JavaThread "C1 CompilerThread3" daemon [_thread_blocked, id=27820, stack(0x000000001b3d0000,0x000000001b4d0000)]
  0x000000001a28d800 JavaThread "C2 CompilerThread2" daemon [_thread_in_native, id=30888, stack(0x000000001b1d0000,0x000000001b2d0000)]
=>0x000000001a286800 JavaThread "C2 CompilerThread1" daemon [_thread_in_native, id=23216, stack(0x000000001b0d0000,0x000000001b1d0000)]
  0x000000001a283800 JavaThread "C2 CompilerThread0" daemon [_thread_in_native, id=7536, stack(0x000000001afd0000,0x000000001b0d0000)]
  0x000000001a274000 JavaThread "Attach Listener" daemon [_thread_blocked, id=30156, stack(0x000000001aed0000,0x000000001afd0000)]
  0x000000001a273000 JavaThread "Signal Dispatcher" daemon [_thread_blocked, id=34024, stack(0x000000001add0000,0x000000001aed0000)]
  0x0000000019ef8000 JavaThread "Finalizer" daemon [_thread_blocked, id=9972, stack(0x000000001a3d0000,0x000000001a4d0000)]
  0x000000001810e000 JavaThread "Reference Handler" daemon [_thread_blocked, id=10888, stack(0x000000001a2d0000,0x000000001a3d0000)]
  0x0000000002fa7800 JavaThread "main" [_thread_in_native, id=21280, stack(0x0000000002e90000,0x0000000002f90000)]

Other Threads:
  0x0000000018105000 VMThread [stack: 0x0000000019dd0000,0x0000000019ed0000] [id=18272]
  0x000000001a64d800 WatcherThread [stack: 0x000000001b5d0000,0x000000001b6d0000] [id=6104]

VM state:not at safepoint (normal execution)

VM Mutex/Monitor currently owned by a thread: None

heap address: 0x0000000080000000, size: 2048 MB, Compressed Oops mode: 32-bit
Narrow klass base: 0x0000000000000000, Narrow klass shift: 3
Compressed class space size: 1073741824 Address: 0x0000000100000000

Heap:
 PSYoungGen      total 57344K, used 31852K [0x00000000d5580000, 0x00000000da380000, 0x0000000100000000)
  eden space 49152K, 49% used [0x00000000d5580000,0x00000000d6d6f170,0x00000000d8580000)
  from space 8192K, 89% used [0x00000000d8580000,0x00000000d8cac010,0x00000000d8d80000)
  to   space 9216K, 0% used [0x00000000d9a80000,0x00000000d9a80000,0x00000000da380000)
 ParOldGen       total 63488K, used 8934K [0x0000000080000000, 0x0000000083e00000, 0x00000000d5580000)
  object space 63488K, 14% used [0x0000000080000000,0x00000000808b98f0,0x0000000083e00000)
 Metaspace       used 24597K, capacity 24942K, committed 25216K, reserved 1071104K
  class space    used 2804K, capacity 2940K, committed 2944K, reserved 1048576K

Card table byte_map: [0x0000000012450000,0x0000000012860000] byte_map_base: 0x0000000012050000

Marking Bits: (ParMarkBitMap*) 0x000000005e311f00
 Begin Bits: [0x0000000013310000, 0x0000000015310000)
 End Bits:   [0x0000000015310000, 0x0000000017310000)

Polling page: 0x0000000001120000

CodeCache: size=245760Kb used=9740Kb max_used=9775Kb free=236019Kb
 bounds [0x0000000003090000, 0x0000000003a30000, 0x0000000012090000]
 total_blobs=2924 nmethods=2263 adapters=571
 compilation: enabled

Compilation events (10 events):
Event: 11.733 Thread 0x000000001a298000 nmethod 2279 0x0000000003a1a2d0 code [0x0000000003a1a420, 0x0000000003a1a530]
Event: 11.766 Thread 0x000000001a298000 2280       3       sun.security.provider.DigestBase::implCompressMultiBlockCheck (67 bytes)
Event: 11.766 Thread 0x000000001a298000 nmethod 2280 0x0000000003a1bd90 code [0x0000000003a1bf40, 0x0000000003a1c488]
Event: 11.776 Thread 0x000000001a286800 2281  s    4       sun.misc.URLClassPath::getNextLoader (88 bytes)
Event: 11.880 Thread 0x000000001a298000 2283   !   3       java.lang.Class::getSimpleBinaryName (38 bytes)
Event: 11.881 Thread 0x000000001a298000 nmethod 2283 0x0000000003a20fd0 code [0x0000000003a211a0, 0x0000000003a21988]
Event: 11.908 Thread 0x000000001a298000 2285       2       java.util.HashSet::contains (9 bytes)
Event: 11.908 Thread 0x000000001a298000 nmethod 2285 0x00000000031c3150 code [0x00000000031c32c0, 0x00000000031c3448]
Event: 11.933 Thread 0x000000001a298000 2286       3       java.io.File::<init> (113 bytes)
Event: 11.935 Thread 0x000000001a298000 nmethod 2286 0x000000000321a150 code [0x000000000321a3c0, 0x000000000321b0a8]

GC Heap History (10 events):
Event: 8.321 GC heap before
{Heap before GC invocations=10 (full 1):
 PSYoungGen      total 39424K, used 31232K [0x00000000d5580000, 0x00000000da280000, 0x0000000100000000)
  eden space 31232K, 100% used [0x00000000d5580000,0x00000000d7400000,0x00000000d7400000)
  from space 8192K, 0% used [0x00000000d7c00000,0x00000000d7c00000,0x00000000d8400000)
  to   space 8192K, 0% used [0x00000000d7400000,0x00000000d7400000,0x00000000d7c00000)
 ParOldGen       total 63488K, used 8918K [0x0000000080000000, 0x0000000083e00000, 0x00000000d5580000)
  object space 63488K, 14% used [0x0000000080000000,0x00000000808b58f0,0x0000000083e00000)
 Metaspace       used 21610K, capacity 21936K, committed 22192K, reserved 1069056K
  class space    used 2392K, capacity 2500K, committed 2560K, reserved 1048576K
Event: 8.325 GC heap after
Heap after GC invocations=10 (full 1):
 PSYoungGen      total 39424K, used 1248K [0x00000000d5580000, 0x00000000d8d80000, 0x0000000100000000)
  eden space 31232K, 0% used [0x00000000d5580000,0x00000000d5580000,0x00000000d7400000)
  from space 8192K, 15% used [0x00000000d7400000,0x00000000d7538000,0x00000000d7c00000)
  to   space 8704K, 0% used [0x00000000d8500000,0x00000000d8500000,0x00000000d8d80000)
 ParOldGen       total 63488K, used 8926K [0x0000000080000000, 0x0000000083e00000, 0x00000000d5580000)
  object space 63488K, 14% used [0x0000000080000000,0x00000000808b78f0,0x0000000083e00000)
 Metaspace       used 21610K, capacity 21936K, committed 22192K, reserved 1069056K
  class space    used 2392K, capacity 2500K, committed 2560K, reserved 1048576K
}
Event: 8.789 GC heap before
{Heap before GC invocations=11 (full 1):
 PSYoungGen      total 39424K, used 32480K [0x00000000d5580000, 0x00000000d8d80000, 0x0000000100000000)
  eden space 31232K, 100% used [0x00000000d5580000,0x00000000d7400000,0x00000000d7400000)
  from space 8192K, 15% used [0x00000000d7400000,0x00000000d7538000,0x00000000d7c00000)
  to   space 8704K, 0% used [0x00000000d8500000,0x00000000d8500000,0x00000000d8d80000)
 ParOldGen       total 63488K, used 8926K [0x0000000080000000, 0x0000000083e00000, 0x00000000d5580000)
  object space 63488K, 14% used [0x0000000080000000,0x00000000808b78f0,0x0000000083e00000)
 Metaspace       used 21855K, capacity 22200K, committed 22448K, reserved 1069056K
  class space    used 2415K, capacity 2541K, committed 2560K, reserved 1048576K
Event: 8.795 GC heap after
Heap after GC invocations=11 (full 1):
 PSYoungGen      total 48640K, used 2312K [0x00000000d5580000, 0x00000000d8d80000, 0x0000000100000000)
  eden space 39936K, 0% used [0x00000000d5580000,0x00000000d5580000,0x00000000d7c80000)
  from space 8704K, 26% used [0x00000000d8500000,0x00000000d87420d8,0x00000000d8d80000)
  to   space 8704K, 0% used [0x00000000d7c80000,0x00000000d7c80000,0x00000000d8500000)
 ParOldGen       total 63488K, used 8934K [0x0000000080000000, 0x0000000083e00000, 0x00000000d5580000)
  object space 63488K, 14% used [0x0000000080000000,0x00000000808b98f0,0x0000000083e00000)
 Metaspace       used 21855K, capacity 22200K, committed 22448K, reserved 1069056K
  class space    used 2415K, capacity 2541K, committed 2560K, reserved 1048576K
}
Event: 9.530 GC heap before
{Heap before GC invocations=12 (full 1):
 PSYoungGen      total 48640K, used 42248K [0x00000000d5580000, 0x00000000d8d80000, 0x0000000100000000)
  eden space 39936K, 100% used [0x00000000d5580000,0x00000000d7c80000,0x00000000d7c80000)
  from space 8704K, 26% used [0x00000000d8500000,0x00000000d87420d8,0x00000000d8d80000)
  to   space 8704K, 0% used [0x00000000d7c80000,0x00000000d7c80000,0x00000000d8500000)
 ParOldGen       total 63488K, used 8934K [0x0000000080000000, 0x0000000083e00000, 0x00000000d5580000)
  object space 63488K, 14% used [0x0000000080000000,0x00000000808b98f0,0x0000000083e00000)
 Metaspace       used 22069K, capacity 22392K, committed 22704K, reserved 1069056K
  class space    used 2421K, capacity 2541K, committed 2560K, reserved 1048576K
Event: 9.537 GC heap after
Heap after GC invocations=12 (full 1):
 PSYoungGen      total 48640K, used 2384K [0x00000000d5580000, 0x00000000d9780000, 0x0000000100000000)
  eden space 39936K, 0% used [0x00000000d5580000,0x00000000d5580000,0x00000000d7c80000)
  from space 8704K, 27% used [0x00000000d7c80000,0x00000000d7ed4278,0x00000000d8500000)
  to   space 8704K, 0% used [0x00000000d8f00000,0x00000000d8f00000,0x00000000d9780000)
 ParOldGen       total 63488K, used 8934K [0x0000000080000000, 0x0000000083e00000, 0x00000000d5580000)
  object space 63488K, 14% used [0x0000000080000000,0x00000000808b98f0,0x0000000083e00000)
 Metaspace       used 22069K, capacity 22392K, committed 22704K, reserved 1069056K
  class space    used 2421K, capacity 2541K, committed 2560K, reserved 1048576K
}
Event: 10.617 GC heap before
{Heap before GC invocations=13 (full 1):
 PSYoungGen      total 48640K, used 42320K [0x00000000d5580000, 0x00000000d9780000, 0x0000000100000000)
  eden space 39936K, 100% used [0x00000000d5580000,0x00000000d7c80000,0x00000000d7c80000)
  from space 8704K, 27% used [0x00000000d7c80000,0x00000000d7ed4278,0x00000000d8500000)
  to   space 8704K, 0% used [0x00000000d8f00000,0x00000000d8f00000,0x00000000d9780000)
 ParOldGen       total 63488K, used 8934K [0x0000000080000000, 0x0000000083e00000, 0x00000000d5580000)
  object space 63488K, 14% used [0x0000000080000000,0x00000000808b98f0,0x0000000083e00000)
 Metaspace       used 22190K, capacity 22456K, committed 22704K, reserved 1069056K
  class space    used 2430K, capacity 2541K, committed 2560K, reserved 1048576K
Event: 10.622 GC heap after
Heap after GC invocations=13 (full 1):
 PSYoungGen      total 55808K, used 2976K [0x00000000d5580000, 0x00000000d9580000, 0x0000000100000000)
  eden space 49152K, 0% used [0x00000000d5580000,0x00000000d5580000,0x00000000d8580000)
  from space 6656K, 44% used [0x00000000d8f00000,0x00000000d91e8000,0x00000000d9580000)
  to   space 8192K, 0% used [0x00000000d8580000,0x00000000d8580000,0x00000000d8d80000)
 ParOldGen       total 63488K, used 8934K [0x0000000080000000, 0x0000000083e00000, 0x00000000d5580000)
  object space 63488K, 14% used [0x0000000080000000,0x00000000808b98f0,0x0000000083e00000)
 Metaspace       used 22190K, capacity 22456K, committed 22704K, reserved 1069056K
  class space    used 2430K, capacity 2541K, committed 2560K, reserved 1048576K
}
Event: 11.395 GC heap before
{Heap before GC invocations=14 (full 1):
 PSYoungGen      total 55808K, used 52128K [0x00000000d5580000, 0x00000000d9580000, 0x0000000100000000)
  eden space 49152K, 100% used [0x00000000d5580000,0x00000000d8580000,0x00000000d8580000)
  from space 6656K, 44% used [0x00000000d8f00000,0x00000000d91e8000,0x00000000d9580000)
  to   space 8192K, 0% used [0x00000000d8580000,0x00000000d8580000,0x00000000d8d80000)
 ParOldGen       total 63488K, used 8934K [0x0000000080000000, 0x0000000083e00000, 0x00000000d5580000)
  object space 63488K, 14% used [0x0000000080000000,0x00000000808b98f0,0x0000000083e00000)
 Metaspace       used 23673K, capacity 24028K, committed 24320K, reserved 1071104K
  class space    used 2668K, capacity 2805K, committed 2816K, reserved 1048576K
Event: 11.405 GC heap after
Heap after GC invocations=14 (full 1):
 PSYoungGen      total 57344K, used 7344K [0x00000000d5580000, 0x00000000da380000, 0x0000000100000000)
  eden space 49152K, 0% used [0x00000000d5580000,0x00000000d5580000,0x00000000d8580000)
  from space 8192K, 89% used [0x00000000d8580000,0x00000000d8cac010,0x00000000d8d80000)
  to   space 9216K, 0% used [0x00000000d9a80000,0x00000000d9a80000,0x00000000da380000)
 ParOldGen       total 63488K, used 8934K [0x0000000080000000, 0x0000000083e00000, 0x00000000d5580000)
  object space 63488K, 14% used [0x0000000080000000,0x00000000808b98f0,0x0000000083e00000)
 Metaspace       used 23673K, capacity 24028K, committed 24320K, reserved 1071104K
  class space    used 2668K, capacity 2805K, committed 2816K, reserved 1048576K
}

Deoptimization events (10 events):
Event: 7.725 Thread 0x0000000002fa7800 Uncommon trap: reason=unstable_if action=reinterpret pc=0x000000000343adb8 method=java.util.HashMap.getNode(ILjava/lang/Object;)Ljava/util/HashMap$Node; @ 129
Event: 7.725 Thread 0x0000000002fa7800 Uncommon trap: reason=bimorphic action=maybe_recompile pc=0x00000000035c465c method=java.util.HashMap.putVal(ILjava/lang/Object;Ljava/lang/Object;ZZ)Ljava/lang/Object; @ 203
Event: 7.930 Thread 0x0000000002fa7800 Uncommon trap: reason=predicate action=maybe_recompile pc=0x00000000036bef20 method=java.lang.String.regionMatches(ZILjava/lang/String;II)Z @ 63
Event: 8.382 Thread 0x0000000002fa7800 Uncommon trap: reason=unstable_if action=reinterpret pc=0x00000000036c4fc0 method=java.lang.Class$MethodArray.addIfNotPresent(Ljava/lang/reflect/Method;)V @ 19
Event: 11.460 Thread 0x0000000002fa7800 Uncommon trap: reason=unstable_if action=reinterpret pc=0x000000000371ca9c method=java.util.zip.ZipFile$ZipEntryIterator.hasNext()Z @ 25
Event: 11.730 Thread 0x0000000002fa7800 Uncommon trap: reason=class_check action=maybe_recompile pc=0x00000000039bb4c0 method=java.util.regex.Pattern$CharProperty.match(Ljava/util/regex/Matcher;ILjava/lang/CharSequence;)Z @ 18
Event: 11.730 Thread 0x0000000002fa7800 Uncommon trap: reason=class_check action=maybe_recompile pc=0x00000000039bb4c0 method=java.util.regex.Pattern$CharProperty.match(Ljava/util/regex/Matcher;ILjava/lang/CharSequence;)Z @ 18
Event: 11.730 Thread 0x0000000002fa7800 Uncommon trap: reason=class_check action=maybe_recompile pc=0x00000000039bb4c0 method=java.util.regex.Pattern$CharProperty.match(Ljava/util/regex/Matcher;ILjava/lang/CharSequence;)Z @ 18
Event: 11.730 Thread 0x0000000002fa7800 Uncommon trap: reason=class_check action=maybe_recompile pc=0x00000000039bb4c0 method=java.util.regex.Pattern$CharProperty.match(Ljava/util/regex/Matcher;ILjava/lang/CharSequence;)Z @ 18
Event: 11.898 Thread 0x0000000002fa7800 Uncommon trap: reason=unstable_if action=reinterpret pc=0x0000000003650a68 method=java.io.WinNTFileSystem.resolve(Ljava/lang/String;Ljava/lang/String;)Ljava/lang/String; @ 49

Classes redefined (0 events):
No events

Internal exceptions (10 events):
Event: 11.486 Thread 0x0000000002fa7800 Exception <a 'java/lang/ClassNotFoundException': com/kms/katalon/core/webui/keyword/builtin/OpenBrowserKeywordBeanInfo> (0x00000000d5a2db00) thrown at [C:\jenkins\workspace\zulu8-silver-build-win64\zulu-src\hotspot\src\share\vm\classfile\systemDictionary.
Event: 11.496 Thread 0x0000000002fa7800 Exception <a 'java/lang/ClassNotFoundException': com/kms/katalon/core/webui/keyword/internal/WebUIAbstractKeywordBeanInfo> (0x00000000d5b127f8) thrown at [C:\jenkins\workspace\zulu8-silver-build-win64\zulu-src\hotspot\src\share\vm\classfile\systemDictiona
Event: 11.506 Thread 0x0000000002fa7800 Exception <a 'java/lang/ClassNotFoundException': com/kms/katalon/core/keyword/internal/AbstractKeywordBeanInfo> (0x00000000d5be0580) thrown at [C:\jenkins\workspace\zulu8-silver-build-win64\zulu-src\hotspot\src\share\vm\classfile\systemDictionary.cpp, lin
Event: 11.516 Thread 0x0000000002fa7800 Exception <a 'java/lang/ClassNotFoundException': com/kms/katalon/core/keyword/internal/AbstractKeywordCustomizer> (0x00000000d5cb2c00) thrown at [C:\jenkins\workspace\zulu8-silver-build-win64\zulu-src\hotspot\src\share\vm\classfile\systemDictionary.cpp, l
Event: 11.528 Thread 0x0000000002fa7800 Exception <a 'java/lang/ClassNotFoundException': com/kms/katalon/core/webui/keyword/internal/WebUIAbstractKeywordCustomizer> (0x00000000d5da1e50) thrown at [C:\jenkins\workspace\zulu8-silver-build-win64\zulu-src\hotspot\src\share\vm\classfile\systemDictio
Event: 11.538 Thread 0x0000000002fa7800 Exception <a 'java/lang/ClassNotFoundException': com/kms/katalon/core/webui/keyword/builtin/OpenBrowserKeywordCustomizer> (0x00000000d5e8c048) thrown at [C:\jenkins\workspace\zulu8-silver-build-win64\zulu-src\hotspot\src\share\vm\classfile\systemDictionar
Event: 11.556 Thread 0x0000000002fa7800 Exception <a 'java/lang/ClassNotFoundException': com/kms/katalon/core/logging/KeywordLoggerBeanInfo> (0x00000000d5f872b0) thrown at [C:\jenkins\workspace\zulu8-silver-build-win64\zulu-src\hotspot\src\share\vm\classfile\systemDictionary.cpp, line 220]
Event: 11.566 Thread 0x0000000002fa7800 Exception <a 'java/lang/ClassNotFoundException': com/kms/katalon/core/logging/KeywordLoggerCustomizer> (0x00000000d6042a60) thrown at [C:\jenkins\workspace\zulu8-silver-build-win64\zulu-src\hotspot\src\share\vm\classfile\systemDictionary.cpp, line 220]
Event: 11.608 Thread 0x0000000002fa7800 Exception <a 'java/lang/ClassNotFoundException': com/kms/katalon/core/webui/keyword/builtin/InternalSmartWaitGroovyWrapperBeanInfo> (0x00000000d6309db8) thrown at [C:\jenkins\workspace\zulu8-silver-build-win64\zulu-src\hotspot\src\share\vm\classfile\syste
Event: 11.618 Thread 0x0000000002fa7800 Exception <a 'java/lang/ClassNotFoundException': com/kms/katalon/core/webui/keyword/builtin/InternalSmartWaitGroovyWrapperCustomizer> (0x00000000d6407dc0) thrown at [C:\jenkins\workspace\zulu8-silver-build-win64\zulu-src\hotspot\src\share\vm\classfile\sys

Events (10 events):
Event: 11.907 loading class java/text/FieldPosition$Delegate done
Event: 11.908 Thread 0x000000001a298000 flushing nmethod 0x0000000003214910
Event: 11.908 Thread 0x000000001a298000 flushing nmethod 0x00000000032192d0
Event: 11.913 loading class java/lang/IllegalThreadStateException
Event: 11.913 loading class java/lang/IllegalThreadStateException done
Event: 11.979 loading class java/net/SocketTimeoutException
Event: 11.979 loading class java/io/InterruptedIOException
Event: 11.979 loading class java/io/InterruptedIOException done
Event: 11.979 loading class java/net/SocketTimeoutException done
Event: 11.981 loading class java/util/Random


Dynamic libraries:
0x00007ff7ba940000 - 0x00007ff7ba975000 	C:\Users\pbs-rosyid\Downloads\Katalon_Studio_Windows_64-8.2.5\Katalon_Studio_Windows_64-8.2.5\jre\bin\javaw.exe
0x00007ffed0de0000 - 0x00007ffed0fd0000 	C:\Windows\SYSTEM32\ntdll.dll
0x00007ffecf190000 - 0x00007ffecf242000 	C:\Windows\System32\KERNEL32.DLL
0x00007ffecde50000 - 0x00007ffece0f5000 	C:\Windows\System32\KERNELBASE.dll
0x00007ffecbb00000 - 0x00007ffecbb8f000 	C:\Windows\SYSTEM32\apphelp.dll
0x00007ffecf250000 - 0x00007ffecf2f3000 	C:\Windows\System32\ADVAPI32.dll
0x00007ffecff50000 - 0x00007ffecffee000 	C:\Windows\System32\msvcrt.dll
0x00007ffed0230000 - 0x00007ffed02c7000 	C:\Windows\System32\sechost.dll
0x00007ffed0a40000 - 0x00007ffed0b5f000 	C:\Windows\System32\RPCRT4.dll
0x00007ffecf640000 - 0x00007ffecf7d4000 	C:\Windows\System32\USER32.dll
0x00007ffecedd0000 - 0x00007ffecedf1000 	C:\Windows\System32\win32u.dll
0x00007ffecfff0000 - 0x00007ffed0016000 	C:\Windows\System32\GDI32.dll
0x00007ffece200000 - 0x00007ffece398000 	C:\Windows\System32\gdi32full.dll
0x00007ffece160000 - 0x00007ffece1fe000 	C:\Windows\System32\msvcp_win.dll
0x00007ffecdd50000 - 0x00007ffecde4a000 	C:\Windows\System32\ucrtbase.dll
0x00007ffe9f330000 - 0x00007ffe9f5b4000 	C:\Windows\WinSxS\amd64_microsoft.windows.common-controls_6595b64144ccf1df_6.0.18362.1556_none_9e7e372fe45e41d5\COMCTL32.dll
0x00007ffecf300000 - 0x00007ffecf636000 	C:\Windows\System32\combase.dll
0x00007ffecee00000 - 0x00007ffecee81000 	C:\Windows\System32\bcryptPrimitives.dll
0x00007ffed0d10000 - 0x00007ffed0d3e000 	C:\Windows\System32\IMM32.DLL
0x0000000001450000 - 0x0000000001464000 	C:\Windows\System32\umppc15005.dll
0x000000005d8f0000 - 0x000000005d9c2000 	C:\Users\pbs-rosyid\Downloads\Katalon_Studio_Windows_64-8.2.5\Katalon_Studio_Windows_64-8.2.5\jre\bin\msvcr100.dll
0x000000005dad0000 - 0x000000005e395000 	C:\Users\pbs-rosyid\Downloads\Katalon_Studio_Windows_64-8.2.5\Katalon_Studio_Windows_64-8.2.5\jre\bin\server\jvm.dll
0x00007ffed08b0000 - 0x00007ffed08b8000 	C:\Windows\System32\PSAPI.DLL
0x00007ffe91dc0000 - 0x00007ffe91dc9000 	C:\Windows\SYSTEM32\WSOCK32.dll
0x00007ffed0b60000 - 0x00007ffed0bcf000 	C:\Windows\System32\WS2_32.dll
0x00007ffecb840000 - 0x00007ffecb864000 	C:\Windows\SYSTEM32\WINMM.dll
0x00007ffec4ac0000 - 0x00007ffec4aca000 	C:\Windows\SYSTEM32\VERSION.dll
0x00007ffecb3c0000 - 0x00007ffecb3ed000 	C:\Windows\SYSTEM32\WINMMBASE.dll
0x00007ffececd0000 - 0x00007ffeced1a000 	C:\Windows\System32\cfgmgr32.dll
0x00007ffec1630000 - 0x00007ffec163f000 	C:\Users\pbs-rosyid\Downloads\Katalon_Studio_Windows_64-8.2.5\Katalon_Studio_Windows_64-8.2.5\jre\bin\verify.dll
0x00007ffebc030000 - 0x00007ffebc059000 	C:\Users\pbs-rosyid\Downloads\Katalon_Studio_Windows_64-8.2.5\Katalon_Studio_Windows_64-8.2.5\jre\bin\java.dll
0x00007ffebbef0000 - 0x00007ffebbf06000 	C:\Users\pbs-rosyid\Downloads\Katalon_Studio_Windows_64-8.2.5\Katalon_Studio_Windows_64-8.2.5\jre\bin\zip.dll
0x00007ffecf7e0000 - 0x00007ffecfec7000 	C:\Windows\System32\SHELL32.dll
0x00007ffed0990000 - 0x00007ffed0a38000 	C:\Windows\System32\shcore.dll
0x00007ffece550000 - 0x00007ffececcb000 	C:\Windows\System32\windows.storage.dll
0x00007ffecdd30000 - 0x00007ffecdd4e000 	C:\Windows\System32\profapi.dll
0x00007ffecdce0000 - 0x00007ffecdd2a000 	C:\Windows\System32\powrprof.dll
0x00007ffecdc90000 - 0x00007ffecdca0000 	C:\Windows\System32\UMPDC.dll
0x00007ffecefd0000 - 0x00007ffecf022000 	C:\Windows\System32\shlwapi.dll
0x00007ffecdcc0000 - 0x00007ffecdcd1000 	C:\Windows\System32\kernel.appcore.dll
0x00007ffece3a0000 - 0x00007ffece3b7000 	C:\Windows\System32\cryptsp.dll
0x00007ffebb570000 - 0x00007ffebb58b000 	C:\Users\pbs-rosyid\Downloads\Katalon_Studio_Windows_64-8.2.5\Katalon_Studio_Windows_64-8.2.5\jre\bin\net.dll
0x00007ffecd470000 - 0x00007ffecd4d7000 	C:\Windows\system32\mswsock.dll
0x00007ffebb4b0000 - 0x00007ffebb4c1000 	C:\Users\pbs-rosyid\Downloads\Katalon_Studio_Windows_64-8.2.5\Katalon_Studio_Windows_64-8.2.5\jre\bin\nio.dll
0x00007ffecd1c0000 - 0x00007ffecd28b000 	C:\Windows\SYSTEM32\DNSAPI.dll
0x00007ffed0430000 - 0x00007ffed0438000 	C:\Windows\System32\NSI.dll
0x00007ffecd180000 - 0x00007ffecd1ba000 	C:\Windows\SYSTEM32\IPHLPAPI.DLL
0x00007ffebb860000 - 0x00007ffebb86a000 	C:\Windows\System32\rasadhlp.dll
0x00007ffec46f0000 - 0x00007ffec4767000 	C:\Windows\System32\fwpuclnt.dll
0x00007ffece3c0000 - 0x00007ffece3e6000 	C:\Windows\System32\bcrypt.dll

VM Arguments:
jvm_args: -Dgroovy.home=C:\Users\pbs-rosyid/.groovy -Djava.system.class.loader=groovy.lang.GroovyClassLoader -Xmx2048m -Dfile.encoding=UTF-8 
java_command: org.codehaus.groovy.tools.GroovyStarter --classpath C:\Users\pbs-rosyid\Katalon Studio\Test\bin\keyword;C:\Users\pbs-rosyid\Katalon Studio\Test\Keywords;C:\Users\pbs-rosyid\Katalon Studio\Test\bin\listener;C:\Users\pbs-rosyid\Katalon Studio\Test\Test Listeners;C:\Users\pbs-rosyid\Katalon Studio\Test\bin\lib;C:\Users\pbs-rosyid\Katalon Studio\Test\Libs;C:\Users\pbs-rosyid\Katalon Studio\Test\bin\groovy;C:\Users\pbs-rosyid\Katalon Studio\Test\Include\scripts\groovy;C:\Users\pbs-rosyid\Downloads\Katalon_Studio_Windows_64-8.2.5\Katalon_Studio_Windows_64-8.2.5\plugins\com.kms.katalon.core_1.0.0.202201190711.jar;C:\Users\pbs-rosyid\Downloads\Katalon_Studio_Windows_64-8.2.5\Katalon_Studio_Windows_64-8.2.5\configuration\resources\lib\aalto-xml-1.0.0.jar;C:\Users\pbs-rosyid\Downloads\Katalon_Studio_Windows_64-8.2.5\Katalon_Studio_Windows_64-8.2.5\configuration\resources\lib\aspectjweaver-1.9.1.jar;C:\Users\pbs-rosyid\Downloads\Katalon_Studio_Windows_64-8.2.5\Katalon_Studio_Windows_64-8.2.5\configuration\resources\lib\bcpkix-jdk15on-1.64.jar;C:\Users\pbs-rosyid\Downloads\Katalon_Studio_Windows_64-8.2.5\Katalon_Studio_Windows_64-8.2.5\configuration\resources\lib\bcprov-jdk15on-1.64.jar;C:\Users\pbs-rosyid\Downloads\Katalon_Studio_Windows_64-8.2.5\Katalon_Studio_Windows_64-8.2.5\configuration\resources\lib\browsermob-core-2.1.5.jar;C:\Users\pbs-rosyid\Downloads\Katalon_Studio_Windows_64-8.2.5\Katalon_Studio_Windows_64-8.2.5\configuration\resources\lib\cglib-3.2.10.jar;C:\Users\pbs-rosyid\Downloads\Katalon_Studio_Windows_64-8.2.5\Katalon_Studio_Windows_64-8.2.5\configuration\resources\lib\commons-codec-1.10.jar;C:\Users\pbs-rosyid\Downloads\Katalon_Studio_Windows_64-8.2.5\Katalon_Studio_Windows_64-8.2.5\configuration\resources\lib\commons-collections4-4.1.jar;C:\Users\pbs-rosyid\Downloads\Katalon_Studio_Windows_64-8.2.5\Katalon_Studio_Windows_64-8.2.5\configuration\resources\lib\commons-validator-1.6.jar;C:\Users\pbs-rosyid\Downloads\Katalon_Studio_Windows_64-8.2
java_class_path (initial): C:\Users\pbs-rosyid\Katalon Studio\Test\bin\keyword;C:\Users\pbs-rosyid\Katalon Studio\Test\bin\listener;C:\Users\pbs-rosyid\Katalon Studio\Test\bin\lib;C:\Users\pbs-rosyid\Katalon Studio\Test\bin\groovy;C:\Users\pbs-rosyid\Katalon Studio\Test\bin;C:\Users\pbs-rosyid\Downloads\Katalon_Studio_Windows_64-8.2.5\Katalon_Studio_Windows_64-8.2.5\plugins\com.kms.katalon.core_1.0.0.202201190711.jar;C:\Users\pbs-rosyid\Downloads\Katalon_Studio_Windows_64-8.2.5\Katalon_Studio_Windows_64-8.2.5\configuration\resources\lib\aalto-xml-1.0.0.jar;C:\Users\pbs-rosyid\Downloads\Katalon_Studio_Windows_64-8.2.5\Katalon_Studio_Windows_64-8.2.5\configuration\resources\lib\aspectjweaver-1.9.1.jar;C:\Users\pbs-rosyid\Downloads\Katalon_Studio_Windows_64-8.2.5\Katalon_Studio_Windows_64-8.2.5\configuration\resources\lib\bcpkix-jdk15on-1.64.jar;C:\Users\pbs-rosyid\Downloads\Katalon_Studio_Windows_64-8.2.5\Katalon_Studio_Windows_64-8.2.5\configuration\resources\lib\bcprov-jdk15on-1.64.jar;C:\Users\pbs-rosyid\Downloads\Katalon_Studio_Windows_64-8.2.5\Katalon_Studio_Windows_64-8.2.5\configuration\resources\lib\browsermob-core-2.1.5.jar;C:\Users\pbs-rosyid\Downloads\Katalon_Studio_Windows_64-8.2.5\Katalon_Studio_Windows_64-8.2.5\configuration\resources\lib\cglib-3.2.10.jar;C:\Users\pbs-rosyid\Downloads\Katalon_Studio_Windows_64-8.2.5\Katalon_Studio_Windows_64-8.2.5\configuration\resources\lib\commons-codec-1.10.jar;C:\Users\pbs-rosyid\Downloads\Katalon_Studio_Windows_64-8.2.5\Katalon_Studio_Windows_64-8.2.5\configuration\resources\lib\commons-collections4-4.1.jar;C:\Users\pbs-rosyid\Downloads\Katalon_Studio_Windows_64-8.2.5\Katalon_Studio_Windows_64-8.2.5\configuration\resources\lib\commons-validator-1.6.jar;C:\Users\pbs-rosyid\Downloads\Katalon_Studio_Windows_64-8.2.5\Katalon_Studio_Windows_64-8.2.5\configuration\resources\lib\curvesapi-1.04.jar;C:\Users\pbs-rosyid\Downloads\Katalon_Studio_Windows_64-8.2.5\Katalon_Studio_Windows_64-8.2.5\configuration\resources\lib\dns
Launcher Type: SUN_STANDARD

Environment Variables:
PATH=C:/Users/pbs-rosyid/Downloads/Katalon_Studio_Windows_64-8.2.5/Katalon_Studio_Windows_64-8.2.5/jre/bin/server;C:/Users/pbs-rosyid/Downloads/Katalon_Studio_Windows_64-8.2.5/Katalon_Studio_Windows_64-8.2.5/jre/bin;C:/Users/pbs-rosyid/Downloads/Katalon_Studio_Windows_64-8.2.5/Katalon_Studio_Windows_64-8.2.5/jre/lib/amd64;C:\Windows\system32;C:\Windows;C:\Windows\System32\Wbem;C:\Windows\System32\WindowsPowerShell\v1.0\;C:\Windows\System32\OpenSSH\;C:\Program Files\Microsoft VS Code\bin;C:\Program Files\nodejs\;C:\Users\pbs-rosyid\AppData\Local\Microsoft\WindowsApps;;C:\Users\pbs-rosyid\AppData\Local\Programs\Microsoft VS Code\bin;C:\Program Files (x86)\BrowserStackLocal\;C:\Users\pbs-rosyid\Downloads\Katalon_Studio_Windows_64-8.2.5\Katalon_Studio_Windows_64-8.2.5;
USERNAME=pbs-rosyid
OS=Windows_NT
PROCESSOR_IDENTIFIER=Intel64 Family 6 Model 142 Stepping 11, GenuineIntel



---------------  S Y S T E M  ---------------

OS: Windows 10.0 , 64 bit Build 18362 (10.0.18362.1500)

CPU:total 8 (initial active 8) (4 cores per cpu, 2 threads per core) family 6 model 142 stepping 11, cmov, cx8, fxsr, mmx, sse, sse2, sse3, ssse3, sse4.1, sse4.2, popcnt, avx, avx2, aes, clmul, erms, 3dnowpref, lzcnt, ht, tsc, tscinvbit, bmi1, bmi2, adx

Memory: 4k page, physical 8259292k(302712k free), swap 23805912k(8200k free)

vm_info: OpenJDK 64-Bit Server VM (25.282-b08) for windows-amd64 JRE (Zulu 8.52.0.23-CA-win64) (1.8.0_282-b08), built on Jan 12 2021 07:45:49 by "tester" with MS VC++ 10.0 (VS2010)

time: Fri Mar 25 19:49:35 2022
timezone: SE Asia Standard Time
elapsed time: 12.027606 seconds (0d 0h 0m 12s)

